Started GET "/api/v1/albums" for ::1 at 2019-12-13 11:00:56 -0500
  
ActiveRecord::NoDatabaseError (FATAL:  database "christmas_album_api_development" does not exist
):
  
activerecord (6.0.1) lib/active_record/connection_adapters/postgresql_adapter.rb:50:in `rescue in postgresql_connection'
activerecord (6.0.1) lib/active_record/connection_adapters/postgresql_adapter.rb:33:in `postgresql_connection'
activerecord (6.0.1) lib/active_record/connection_adapters/abstract/connection_pool.rb:889:in `new_connection'
activerecord (6.0.1) lib/active_record/connection_adapters/abstract/connection_pool.rb:933:in `checkout_new_connection'
activerecord (6.0.1) lib/active_record/connection_adapters/abstract/connection_pool.rb:912:in `try_to_checkout_new_connection'
activerecord (6.0.1) lib/active_record/connection_adapters/abstract/connection_pool.rb:873:in `acquire_connection'
activerecord (6.0.1) lib/active_record/connection_adapters/abstract/connection_pool.rb:595:in `checkout'
activerecord (6.0.1) lib/active_record/connection_adapters/abstract/connection_pool.rb:439:in `connection'
activerecord (6.0.1) lib/active_record/connection_adapters/abstract/connection_pool.rb:1121:in `retrieve_connection'
activerecord (6.0.1) lib/active_record/connection_handling.rb:238:in `retrieve_connection'
activerecord (6.0.1) lib/active_record/connection_handling.rb:206:in `connection'
activerecord (6.0.1) lib/active_record/migration.rb:562:in `call'
actionpack (6.0.1) lib/action_dispatch/middleware/callbacks.rb:27:in `block in call'
activesupport (6.0.1) lib/active_support/callbacks.rb:101:in `run_callbacks'
actionpack (6.0.1) lib/action_dispatch/middleware/callbacks.rb:26:in `call'
actionpack (6.0.1) lib/action_dispatch/middleware/executor.rb:14:in `call'
actionpack (6.0.1) lib/action_dispatch/middleware/actionable_exceptions.rb:17:in `call'
actionpack (6.0.1) lib/action_dispatch/middleware/debug_exceptions.rb:32:in `call'
actionpack (6.0.1) lib/action_dispatch/middleware/show_exceptions.rb:33:in `call'
railties (6.0.1) lib/rails/rack/logger.rb:38:in `call_app'
railties (6.0.1) lib/rails/rack/logger.rb:26:in `block in call'
activesupport (6.0.1) lib/active_support/tagged_logging.rb:80:in `block in tagged'
activesupport (6.0.1) lib/active_support/tagged_logging.rb:28:in `tagged'
activesupport (6.0.1) lib/active_support/tagged_logging.rb:80:in `tagged'
railties (6.0.1) lib/rails/rack/logger.rb:26:in `call'
actionpack (6.0.1) lib/action_dispatch/middleware/remote_ip.rb:81:in `call'
actionpack (6.0.1) lib/action_dispatch/middleware/request_id.rb:27:in `call'
rack (2.0.7) lib/rack/runtime.rb:22:in `call'
activesupport (6.0.1) lib/active_support/cache/strategy/local_cache_middleware.rb:29:in `call'
actionpack (6.0.1) lib/action_dispatch/middleware/executor.rb:14:in `call'
actionpack (6.0.1) lib/action_dispatch/middleware/static.rb:126:in `call'
rack (2.0.7) lib/rack/sendfile.rb:111:in `call'
actionpack (6.0.1) lib/action_dispatch/middleware/host_authorization.rb:83:in `call'
railties (6.0.1) lib/rails/engine.rb:526:in `call'
puma (4.3.1) lib/puma/configuration.rb:228:in `call'
puma (4.3.1) lib/puma/server.rb:681:in `handle_request'
puma (4.3.1) lib/puma/server.rb:472:in `process_client'
puma (4.3.1) lib/puma/server.rb:328:in `block in run'
puma (4.3.1) lib/puma/thread_pool.rb:134:in `block in spawn_thread'
  [1m[35m (372.2ms)[0m  [1m[35mCREATE DATABASE "christmas_album_api_development" ENCODING = 'unicode'[0m
  [1m[35m (322.2ms)[0m  [1m[35mCREATE DATABASE "christmas_album_api_test" ENCODING = 'unicode'[0m
Started GET "/api/v1/albums" for ::1 at 2019-12-13 11:03:08 -0500
  
ActionController::RoutingError (No route matches [GET] "/api/v1/albums"):
  
actionpack (6.0.1) lib/action_dispatch/middleware/debug_exceptions.rb:36:in `call'
actionpack (6.0.1) lib/action_dispatch/middleware/show_exceptions.rb:33:in `call'
railties (6.0.1) lib/rails/rack/logger.rb:38:in `call_app'
railties (6.0.1) lib/rails/rack/logger.rb:26:in `block in call'
activesupport (6.0.1) lib/active_support/tagged_logging.rb:80:in `block in tagged'
activesupport (6.0.1) lib/active_support/tagged_logging.rb:28:in `tagged'
activesupport (6.0.1) lib/active_support/tagged_logging.rb:80:in `tagged'
railties (6.0.1) lib/rails/rack/logger.rb:26:in `call'
actionpack (6.0.1) lib/action_dispatch/middleware/remote_ip.rb:81:in `call'
actionpack (6.0.1) lib/action_dispatch/middleware/request_id.rb:27:in `call'
rack (2.0.7) lib/rack/runtime.rb:22:in `call'
activesupport (6.0.1) lib/active_support/cache/strategy/local_cache_middleware.rb:29:in `call'
actionpack (6.0.1) lib/action_dispatch/middleware/executor.rb:14:in `call'
actionpack (6.0.1) lib/action_dispatch/middleware/static.rb:126:in `call'
rack (2.0.7) lib/rack/sendfile.rb:111:in `call'
actionpack (6.0.1) lib/action_dispatch/middleware/host_authorization.rb:83:in `call'
railties (6.0.1) lib/rails/engine.rb:526:in `call'
puma (4.3.1) lib/puma/configuration.rb:228:in `call'
puma (4.3.1) lib/puma/server.rb:681:in `handle_request'
puma (4.3.1) lib/puma/server.rb:472:in `process_client'
puma (4.3.1) lib/puma/server.rb:328:in `block in run'
puma (4.3.1) lib/puma/thread_pool.rb:134:in `block in spawn_thread'
Started GET "/favicon.ico" for ::1 at 2019-12-13 11:03:08 -0500
  
ActionController::RoutingError (No route matches [GET] "/favicon.ico"):
  
actionpack (6.0.1) lib/action_dispatch/middleware/debug_exceptions.rb:36:in `call'
actionpack (6.0.1) lib/action_dispatch/middleware/show_exceptions.rb:33:in `call'
railties (6.0.1) lib/rails/rack/logger.rb:38:in `call_app'
railties (6.0.1) lib/rails/rack/logger.rb:26:in `block in call'
activesupport (6.0.1) lib/active_support/tagged_logging.rb:80:in `block in tagged'
activesupport (6.0.1) lib/active_support/tagged_logging.rb:28:in `tagged'
activesupport (6.0.1) lib/active_support/tagged_logging.rb:80:in `tagged'
railties (6.0.1) lib/rails/rack/logger.rb:26:in `call'
actionpack (6.0.1) lib/action_dispatch/middleware/remote_ip.rb:81:in `call'
actionpack (6.0.1) lib/action_dispatch/middleware/request_id.rb:27:in `call'
rack (2.0.7) lib/rack/runtime.rb:22:in `call'
activesupport (6.0.1) lib/active_support/cache/strategy/local_cache_middleware.rb:29:in `call'
actionpack (6.0.1) lib/action_dispatch/middleware/executor.rb:14:in `call'
actionpack (6.0.1) lib/action_dispatch/middleware/static.rb:126:in `call'
rack (2.0.7) lib/rack/sendfile.rb:111:in `call'
actionpack (6.0.1) lib/action_dispatch/middleware/host_authorization.rb:83:in `call'
railties (6.0.1) lib/rails/engine.rb:526:in `call'
puma (4.3.1) lib/puma/configuration.rb:228:in `call'
puma (4.3.1) lib/puma/server.rb:681:in `handle_request'
puma (4.3.1) lib/puma/server.rb:472:in `process_client'
puma (4.3.1) lib/puma/server.rb:328:in `block in run'
puma (4.3.1) lib/puma/thread_pool.rb:134:in `block in spawn_thread'
Started GET "/api/v1/albums" for ::1 at 2019-12-13 11:05:41 -0500
  
ActiveRecord::PendingMigrationError (

Migrations are pending. To resolve this issue, run:

        rails db:migrate RAILS_ENV=development

):
  
activerecord (6.0.1) lib/active_record/migration.rb:587:in `check_pending!'
activerecord (6.0.1) lib/active_record/migration.rb:564:in `call'
actionpack (6.0.1) lib/action_dispatch/middleware/callbacks.rb:27:in `block in call'
activesupport (6.0.1) lib/active_support/callbacks.rb:101:in `run_callbacks'
actionpack (6.0.1) lib/action_dispatch/middleware/callbacks.rb:26:in `call'
actionpack (6.0.1) lib/action_dispatch/middleware/executor.rb:14:in `call'
actionpack (6.0.1) lib/action_dispatch/middleware/actionable_exceptions.rb:17:in `call'
actionpack (6.0.1) lib/action_dispatch/middleware/debug_exceptions.rb:32:in `call'
actionpack (6.0.1) lib/action_dispatch/middleware/show_exceptions.rb:33:in `call'
railties (6.0.1) lib/rails/rack/logger.rb:38:in `call_app'
railties (6.0.1) lib/rails/rack/logger.rb:26:in `block in call'
activesupport (6.0.1) lib/active_support/tagged_logging.rb:80:in `block in tagged'
activesupport (6.0.1) lib/active_support/tagged_logging.rb:28:in `tagged'
activesupport (6.0.1) lib/active_support/tagged_logging.rb:80:in `tagged'
railties (6.0.1) lib/rails/rack/logger.rb:26:in `call'
actionpack (6.0.1) lib/action_dispatch/middleware/remote_ip.rb:81:in `call'
actionpack (6.0.1) lib/action_dispatch/middleware/request_id.rb:27:in `call'
rack (2.0.7) lib/rack/runtime.rb:22:in `call'
activesupport (6.0.1) lib/active_support/cache/strategy/local_cache_middleware.rb:29:in `call'
actionpack (6.0.1) lib/action_dispatch/middleware/executor.rb:14:in `call'
actionpack (6.0.1) lib/action_dispatch/middleware/static.rb:126:in `call'
rack (2.0.7) lib/rack/sendfile.rb:111:in `call'
actionpack (6.0.1) lib/action_dispatch/middleware/host_authorization.rb:83:in `call'
railties (6.0.1) lib/rails/engine.rb:526:in `call'
puma (4.3.1) lib/puma/configuration.rb:228:in `call'
puma (4.3.1) lib/puma/server.rb:681:in `handle_request'
puma (4.3.1) lib/puma/server.rb:472:in `process_client'
puma (4.3.1) lib/puma/server.rb:328:in `block in run'
puma (4.3.1) lib/puma/thread_pool.rb:134:in `block in spawn_thread'
  [1m[35m (21.4ms)[0m  [1m[35mCREATE TABLE "schema_migrations" ("version" character varying NOT NULL PRIMARY KEY)[0m
  [1m[35m (3.0ms)[0m  [1m[35mCREATE TABLE "ar_internal_metadata" ("key" character varying NOT NULL PRIMARY KEY, "value" character varying, "created_at" timestamp(6) NOT NULL, "updated_at" timestamp(6) NOT NULL)[0m
  [1m[35m (0.5ms)[0m  [1m[34mSELECT pg_try_advisory_lock(6461548161716530155)[0m
  [1m[35m (1.2ms)[0m  [1m[34mSELECT "schema_migrations"."version" FROM "schema_migrations" ORDER BY "schema_migrations"."version" ASC[0m
Migrating to CreateAlbums (20191213160435)
  [1m[35m (0.2ms)[0m  [1m[35mBEGIN[0m
  [1m[35m (6.4ms)[0m  [1m[35mCREATE TABLE "albums" ("id" bigserial primary key, "title" character varying, "artist" character varying, "image" character varying, "score" integer, "created_at" timestamp(6) NOT NULL, "updated_at" timestamp(6) NOT NULL)[0m
  [1m[36mprimary::SchemaMigration Create (0.6ms)[0m  [1m[32mINSERT INTO "schema_migrations" ("version") VALUES ($1) RETURNING "version"[0m  [["version", "20191213160435"]]
  [1m[35m (0.3ms)[0m  [1m[35mCOMMIT[0m
  [1m[36mActiveRecord::InternalMetadata Load (6.6ms)[0m  [1m[34mSELECT "ar_internal_metadata".* FROM "ar_internal_metadata" WHERE "ar_internal_metadata"."key" = $1 LIMIT $2[0m  [["key", "environment"], ["LIMIT", 1]]
  [1m[35m (0.1ms)[0m  [1m[35mBEGIN[0m
  [1m[36mActiveRecord::InternalMetadata Create (0.6ms)[0m  [1m[32mINSERT INTO "ar_internal_metadata" ("key", "value", "created_at", "updated_at") VALUES ($1, $2, $3, $4) RETURNING "key"[0m  [["key", "environment"], ["value", "development"], ["created_at", "2019-12-13 16:06:55.787028"], ["updated_at", "2019-12-13 16:06:55.787028"]]
  [1m[35m (0.2ms)[0m  [1m[35mCOMMIT[0m
  [1m[35m (0.1ms)[0m  [1m[34mSELECT pg_advisory_unlock(6461548161716530155)[0m
  [1m[35m (1.3ms)[0m  [1m[34mSELECT "schema_migrations"."version" FROM "schema_migrations" ORDER BY "schema_migrations"."version" ASC[0m
Started GET "/api/v1/albums" for ::1 at 2019-12-13 11:06:58 -0500
  [1m[35m (0.6ms)[0m  [1m[34mSELECT "schema_migrations"."version" FROM "schema_migrations" ORDER BY "schema_migrations"."version" ASC[0m
  
AbstractController::ActionNotFound (The action 'index' could not be found for Api::V1::AlbumsController):
  
actionpack (6.0.1) lib/abstract_controller/base.rb:131:in `process'
actionpack (6.0.1) lib/action_controller/metal.rb:191:in `dispatch'
actionpack (6.0.1) lib/action_controller/metal.rb:252:in `dispatch'
actionpack (6.0.1) lib/action_dispatch/routing/route_set.rb:51:in `dispatch'
actionpack (6.0.1) lib/action_dispatch/routing/route_set.rb:33:in `serve'
actionpack (6.0.1) lib/action_dispatch/journey/router.rb:49:in `block in serve'
actionpack (6.0.1) lib/action_dispatch/journey/router.rb:32:in `each'
actionpack (6.0.1) lib/action_dispatch/journey/router.rb:32:in `serve'
actionpack (6.0.1) lib/action_dispatch/routing/route_set.rb:837:in `call'
rack (2.0.7) lib/rack/etag.rb:25:in `call'
rack (2.0.7) lib/rack/conditional_get.rb:25:in `call'
rack (2.0.7) lib/rack/head.rb:12:in `call'
activerecord (6.0.1) lib/active_record/migration.rb:567:in `call'
actionpack (6.0.1) lib/action_dispatch/middleware/callbacks.rb:27:in `block in call'
activesupport (6.0.1) lib/active_support/callbacks.rb:101:in `run_callbacks'
actionpack (6.0.1) lib/action_dispatch/middleware/callbacks.rb:26:in `call'
actionpack (6.0.1) lib/action_dispatch/middleware/executor.rb:14:in `call'
actionpack (6.0.1) lib/action_dispatch/middleware/actionable_exceptions.rb:17:in `call'
actionpack (6.0.1) lib/action_dispatch/middleware/debug_exceptions.rb:32:in `call'
actionpack (6.0.1) lib/action_dispatch/middleware/show_exceptions.rb:33:in `call'
railties (6.0.1) lib/rails/rack/logger.rb:38:in `call_app'
railties (6.0.1) lib/rails/rack/logger.rb:26:in `block in call'
activesupport (6.0.1) lib/active_support/tagged_logging.rb:80:in `block in tagged'
activesupport (6.0.1) lib/active_support/tagged_logging.rb:28:in `tagged'
activesupport (6.0.1) lib/active_support/tagged_logging.rb:80:in `tagged'
railties (6.0.1) lib/rails/rack/logger.rb:26:in `call'
actionpack (6.0.1) lib/action_dispatch/middleware/remote_ip.rb:81:in `call'
actionpack (6.0.1) lib/action_dispatch/middleware/request_id.rb:27:in `call'
rack (2.0.7) lib/rack/runtime.rb:22:in `call'
activesupport (6.0.1) lib/active_support/cache/strategy/local_cache_middleware.rb:29:in `call'
actionpack (6.0.1) lib/action_dispatch/middleware/executor.rb:14:in `call'
actionpack (6.0.1) lib/action_dispatch/middleware/static.rb:126:in `call'
rack (2.0.7) lib/rack/sendfile.rb:111:in `call'
actionpack (6.0.1) lib/action_dispatch/middleware/host_authorization.rb:83:in `call'
railties (6.0.1) lib/rails/engine.rb:526:in `call'
puma (4.3.1) lib/puma/configuration.rb:228:in `call'
puma (4.3.1) lib/puma/server.rb:681:in `handle_request'
puma (4.3.1) lib/puma/server.rb:472:in `process_client'
puma (4.3.1) lib/puma/server.rb:328:in `block in run'
puma (4.3.1) lib/puma/thread_pool.rb:134:in `block in spawn_thread'
Started GET "/favicon.ico" for ::1 at 2019-12-13 11:06:59 -0500
  
ActionController::RoutingError (No route matches [GET] "/favicon.ico"):
  
actionpack (6.0.1) lib/action_dispatch/middleware/debug_exceptions.rb:36:in `call'
actionpack (6.0.1) lib/action_dispatch/middleware/show_exceptions.rb:33:in `call'
railties (6.0.1) lib/rails/rack/logger.rb:38:in `call_app'
railties (6.0.1) lib/rails/rack/logger.rb:26:in `block in call'
activesupport (6.0.1) lib/active_support/tagged_logging.rb:80:in `block in tagged'
activesupport (6.0.1) lib/active_support/tagged_logging.rb:28:in `tagged'
activesupport (6.0.1) lib/active_support/tagged_logging.rb:80:in `tagged'
railties (6.0.1) lib/rails/rack/logger.rb:26:in `call'
actionpack (6.0.1) lib/action_dispatch/middleware/remote_ip.rb:81:in `call'
actionpack (6.0.1) lib/action_dispatch/middleware/request_id.rb:27:in `call'
rack (2.0.7) lib/rack/runtime.rb:22:in `call'
activesupport (6.0.1) lib/active_support/cache/strategy/local_cache_middleware.rb:29:in `call'
actionpack (6.0.1) lib/action_dispatch/middleware/executor.rb:14:in `call'
actionpack (6.0.1) lib/action_dispatch/middleware/static.rb:126:in `call'
rack (2.0.7) lib/rack/sendfile.rb:111:in `call'
actionpack (6.0.1) lib/action_dispatch/middleware/host_authorization.rb:83:in `call'
railties (6.0.1) lib/rails/engine.rb:526:in `call'
puma (4.3.1) lib/puma/configuration.rb:228:in `call'
puma (4.3.1) lib/puma/server.rb:681:in `handle_request'
puma (4.3.1) lib/puma/server.rb:472:in `process_client'
puma (4.3.1) lib/puma/server.rb:328:in `block in run'
puma (4.3.1) lib/puma/thread_pool.rb:134:in `block in spawn_thread'
  [1m[35m (0.7ms)[0m  [1m[34mSELECT "schema_migrations"."version" FROM "schema_migrations" ORDER BY "schema_migrations"."version" ASC[0m
  [1m[35m (0.6ms)[0m  [1m[34mSELECT "schema_migrations"."version" FROM "schema_migrations" ORDER BY "schema_migrations"."version" ASC[0m
  [1m[36mAlbum Load (0.9ms)[0m  [1m[34mSELECT "albums".* FROM "albums"[0m
  [1m[35m (0.2ms)[0m  [1m[35mBEGIN[0m
  [1m[36mAlbum Create (1.1ms)[0m  [1m[32mINSERT INTO "albums" ("title", "artist", "image", "score", "created_at", "updated_at") VALUES ($1, $2, $3, $4, $5, $6) RETURNING "id"[0m  [["title", "Merry Christmas"], ["artist", "Mariah Carey"], ["image", "https://media.pitchfork.com/photos/5ddbf1586133160008c6461a/1:1/w_320/mariahdeluxe.jpg"], ["score", 20], ["created_at", "2019-12-13 16:11:22.854971"], ["updated_at", "2019-12-13 16:11:22.854971"]]
  [1m[35m (0.4ms)[0m  [1m[35mCOMMIT[0m
  [1m[35m (0.1ms)[0m  [1m[35mBEGIN[0m
  [1m[36mAlbum Create (0.3ms)[0m  [1m[32mINSERT INTO "albums" ("title", "artist", "image", "score", "created_at", "updated_at") VALUES ($1, $2, $3, $4, $5, $6) RETURNING "id"[0m  [["title", "Christmas & Chill"], ["artist", "Ariana Grande"], ["image", "https://upload.wikimedia.org/wikipedia/en/0/06/Christmas_and_Chill.jpg"], ["score", 6], ["created_at", "2019-12-13 16:11:22.859850"], ["updated_at", "2019-12-13 16:11:22.859850"]]
  [1m[35m (0.3ms)[0m  [1m[35mCOMMIT[0m
  [1m[35m (0.1ms)[0m  [1m[35mBEGIN[0m
  [1m[36mAlbum Create (0.3ms)[0m  [1m[32mINSERT INTO "albums" ("title", "artist", "image", "score", "created_at", "updated_at") VALUES ($1, $2, $3, $4, $5, $6) RETURNING "id"[0m  [["title", "Michael Buble Christmas"], ["artist", "Michael Buble"], ["image", "https://images-na.ssl-images-amazon.com/images/I/71UTGwpfwwL._SY355_.jpg"], ["score", 0], ["created_at", "2019-12-13 16:11:22.862495"], ["updated_at", "2019-12-13 16:11:22.862495"]]
  [1m[35m (0.4ms)[0m  [1m[35mCOMMIT[0m
  [1m[35m (0.1ms)[0m  [1m[35mBEGIN[0m
  [1m[36mAlbum Create (0.3ms)[0m  [1m[32mINSERT INTO "albums" ("title", "artist", "image", "score", "created_at", "updated_at") VALUES ($1, $2, $3, $4, $5, $6) RETURNING "id"[0m  [["title", "Cee Lo's Magic Moment"], ["artist", "Cee Lo Green"], ["image", "https://images-na.ssl-images-amazon.com/images/I/61xGTeDZdwL.jpg"], ["score", 0], ["created_at", "2019-12-13 16:11:22.865138"], ["updated_at", "2019-12-13 16:11:22.865138"]]
  [1m[35m (0.3ms)[0m  [1m[35mCOMMIT[0m
  [1m[35m (0.1ms)[0m  [1m[35mBEGIN[0m
  [1m[36mAlbum Create (0.2ms)[0m  [1m[32mINSERT INTO "albums" ("title", "artist", "image", "score", "created_at", "updated_at") VALUES ($1, $2, $3, $4, $5, $6) RETURNING "id"[0m  [["title", "Home For Christmas"], ["artist", "N'Sync"], ["image", "https://upload.wikimedia.org/wikipedia/en/thumb/c/c6/Home_for_Christmas.png/220px-Home_for_Christmas.png"], ["score", 0], ["created_at", "2019-12-13 16:11:22.867743"], ["updated_at", "2019-12-13 16:11:22.867743"]]
  [1m[35m (0.3ms)[0m  [1m[35mCOMMIT[0m
  [1m[35m (0.1ms)[0m  [1m[35mBEGIN[0m
  [1m[36mAlbum Create (0.3ms)[0m  [1m[32mINSERT INTO "albums" ("title", "artist", "image", "score", "created_at", "updated_at") VALUES ($1, $2, $3, $4, $5, $6) RETURNING "id"[0m  [["title", "Charlie Brown XMas"], ["artist", "mad people"], ["image", "https://images-na.ssl-images-amazon.com/images/I/71vaEND0faL._SY355_.jpg"], ["score", 52], ["created_at", "2019-12-13 16:11:22.870366"], ["updated_at", "2019-12-13 16:11:22.870366"]]
  [1m[35m (0.4ms)[0m  [1m[35mCOMMIT[0m
  [1m[35m (0.1ms)[0m  [1m[35mBEGIN[0m
  [1m[36mAlbum Create (0.2ms)[0m  [1m[32mINSERT INTO "albums" ("title", "artist", "image", "score", "created_at", "updated_at") VALUES ($1, $2, $3, $4, $5, $6) RETURNING "id"[0m  [["title", "Kenny G Christmas"], ["artist", "Kenny G"], ["image", "https://images-na.ssl-images-amazon.com/images/I/81fdTwjW7hL._SX355_.jpg"], ["score", 0], ["created_at", "2019-12-13 16:11:22.873527"], ["updated_at", "2019-12-13 16:11:22.873527"]]
  [1m[35m (0.3ms)[0m  [1m[35mCOMMIT[0m
  [1m[36mAlbum Load (0.4ms)[0m  [1m[34mSELECT "albums".* FROM "albums" ORDER BY "albums"."id" ASC LIMIT $1[0m  [["LIMIT", 1]]
Started GET "/api/v1/albums" for ::1 at 2019-12-13 11:11:43 -0500
  
AbstractController::ActionNotFound (The action 'index' could not be found for Api::V1::AlbumsController):
  
actionpack (6.0.1) lib/abstract_controller/base.rb:131:in `process'
actionpack (6.0.1) lib/action_controller/metal.rb:191:in `dispatch'
actionpack (6.0.1) lib/action_controller/metal.rb:252:in `dispatch'
actionpack (6.0.1) lib/action_dispatch/routing/route_set.rb:51:in `dispatch'
actionpack (6.0.1) lib/action_dispatch/routing/route_set.rb:33:in `serve'
actionpack (6.0.1) lib/action_dispatch/journey/router.rb:49:in `block in serve'
actionpack (6.0.1) lib/action_dispatch/journey/router.rb:32:in `each'
actionpack (6.0.1) lib/action_dispatch/journey/router.rb:32:in `serve'
actionpack (6.0.1) lib/action_dispatch/routing/route_set.rb:837:in `call'
rack (2.0.7) lib/rack/etag.rb:25:in `call'
rack (2.0.7) lib/rack/conditional_get.rb:25:in `call'
rack (2.0.7) lib/rack/head.rb:12:in `call'
activerecord (6.0.1) lib/active_record/migration.rb:567:in `call'
actionpack (6.0.1) lib/action_dispatch/middleware/callbacks.rb:27:in `block in call'
activesupport (6.0.1) lib/active_support/callbacks.rb:101:in `run_callbacks'
actionpack (6.0.1) lib/action_dispatch/middleware/callbacks.rb:26:in `call'
actionpack (6.0.1) lib/action_dispatch/middleware/executor.rb:14:in `call'
actionpack (6.0.1) lib/action_dispatch/middleware/actionable_exceptions.rb:17:in `call'
actionpack (6.0.1) lib/action_dispatch/middleware/debug_exceptions.rb:32:in `call'
actionpack (6.0.1) lib/action_dispatch/middleware/show_exceptions.rb:33:in `call'
railties (6.0.1) lib/rails/rack/logger.rb:38:in `call_app'
railties (6.0.1) lib/rails/rack/logger.rb:26:in `block in call'
activesupport (6.0.1) lib/active_support/tagged_logging.rb:80:in `block in tagged'
activesupport (6.0.1) lib/active_support/tagged_logging.rb:28:in `tagged'
activesupport (6.0.1) lib/active_support/tagged_logging.rb:80:in `tagged'
railties (6.0.1) lib/rails/rack/logger.rb:26:in `call'
actionpack (6.0.1) lib/action_dispatch/middleware/remote_ip.rb:81:in `call'
actionpack (6.0.1) lib/action_dispatch/middleware/request_id.rb:27:in `call'
rack (2.0.7) lib/rack/runtime.rb:22:in `call'
activesupport (6.0.1) lib/active_support/cache/strategy/local_cache_middleware.rb:29:in `call'
actionpack (6.0.1) lib/action_dispatch/middleware/executor.rb:14:in `call'
actionpack (6.0.1) lib/action_dispatch/middleware/static.rb:126:in `call'
rack (2.0.7) lib/rack/sendfile.rb:111:in `call'
actionpack (6.0.1) lib/action_dispatch/middleware/host_authorization.rb:83:in `call'
railties (6.0.1) lib/rails/engine.rb:526:in `call'
puma (4.3.1) lib/puma/configuration.rb:228:in `call'
puma (4.3.1) lib/puma/server.rb:681:in `handle_request'
puma (4.3.1) lib/puma/server.rb:472:in `process_client'
puma (4.3.1) lib/puma/server.rb:328:in `block in run'
puma (4.3.1) lib/puma/thread_pool.rb:134:in `block in spawn_thread'
Started GET "/favicon.ico" for ::1 at 2019-12-13 11:11:43 -0500
  
ActionController::RoutingError (No route matches [GET] "/favicon.ico"):
  
actionpack (6.0.1) lib/action_dispatch/middleware/debug_exceptions.rb:36:in `call'
actionpack (6.0.1) lib/action_dispatch/middleware/show_exceptions.rb:33:in `call'
railties (6.0.1) lib/rails/rack/logger.rb:38:in `call_app'
railties (6.0.1) lib/rails/rack/logger.rb:26:in `block in call'
activesupport (6.0.1) lib/active_support/tagged_logging.rb:80:in `block in tagged'
activesupport (6.0.1) lib/active_support/tagged_logging.rb:28:in `tagged'
activesupport (6.0.1) lib/active_support/tagged_logging.rb:80:in `tagged'
railties (6.0.1) lib/rails/rack/logger.rb:26:in `call'
actionpack (6.0.1) lib/action_dispatch/middleware/remote_ip.rb:81:in `call'
actionpack (6.0.1) lib/action_dispatch/middleware/request_id.rb:27:in `call'
rack (2.0.7) lib/rack/runtime.rb:22:in `call'
activesupport (6.0.1) lib/active_support/cache/strategy/local_cache_middleware.rb:29:in `call'
actionpack (6.0.1) lib/action_dispatch/middleware/executor.rb:14:in `call'
actionpack (6.0.1) lib/action_dispatch/middleware/static.rb:126:in `call'
rack (2.0.7) lib/rack/sendfile.rb:111:in `call'
actionpack (6.0.1) lib/action_dispatch/middleware/host_authorization.rb:83:in `call'
railties (6.0.1) lib/rails/engine.rb:526:in `call'
puma (4.3.1) lib/puma/configuration.rb:228:in `call'
puma (4.3.1) lib/puma/server.rb:681:in `handle_request'
puma (4.3.1) lib/puma/server.rb:472:in `process_client'
puma (4.3.1) lib/puma/server.rb:328:in `block in run'
puma (4.3.1) lib/puma/thread_pool.rb:134:in `block in spawn_thread'
Started GET "/api/v1/albums" for ::1 at 2019-12-13 11:12:30 -0500
  
AbstractController::ActionNotFound (The action 'index' could not be found for Api::V1::AlbumsController):
  
actionpack (6.0.1) lib/abstract_controller/base.rb:131:in `process'
actionpack (6.0.1) lib/action_controller/metal.rb:191:in `dispatch'
actionpack (6.0.1) lib/action_controller/metal.rb:252:in `dispatch'
actionpack (6.0.1) lib/action_dispatch/routing/route_set.rb:51:in `dispatch'
actionpack (6.0.1) lib/action_dispatch/routing/route_set.rb:33:in `serve'
actionpack (6.0.1) lib/action_dispatch/journey/router.rb:49:in `block in serve'
actionpack (6.0.1) lib/action_dispatch/journey/router.rb:32:in `each'
actionpack (6.0.1) lib/action_dispatch/journey/router.rb:32:in `serve'
actionpack (6.0.1) lib/action_dispatch/routing/route_set.rb:837:in `call'
rack (2.0.7) lib/rack/etag.rb:25:in `call'
rack (2.0.7) lib/rack/conditional_get.rb:25:in `call'
rack (2.0.7) lib/rack/head.rb:12:in `call'
activerecord (6.0.1) lib/active_record/migration.rb:567:in `call'
actionpack (6.0.1) lib/action_dispatch/middleware/callbacks.rb:27:in `block in call'
activesupport (6.0.1) lib/active_support/callbacks.rb:101:in `run_callbacks'
actionpack (6.0.1) lib/action_dispatch/middleware/callbacks.rb:26:in `call'
actionpack (6.0.1) lib/action_dispatch/middleware/executor.rb:14:in `call'
actionpack (6.0.1) lib/action_dispatch/middleware/actionable_exceptions.rb:17:in `call'
actionpack (6.0.1) lib/action_dispatch/middleware/debug_exceptions.rb:32:in `call'
actionpack (6.0.1) lib/action_dispatch/middleware/show_exceptions.rb:33:in `call'
railties (6.0.1) lib/rails/rack/logger.rb:38:in `call_app'
railties (6.0.1) lib/rails/rack/logger.rb:26:in `block in call'
activesupport (6.0.1) lib/active_support/tagged_logging.rb:80:in `block in tagged'
activesupport (6.0.1) lib/active_support/tagged_logging.rb:28:in `tagged'
activesupport (6.0.1) lib/active_support/tagged_logging.rb:80:in `tagged'
railties (6.0.1) lib/rails/rack/logger.rb:26:in `call'
actionpack (6.0.1) lib/action_dispatch/middleware/remote_ip.rb:81:in `call'
actionpack (6.0.1) lib/action_dispatch/middleware/request_id.rb:27:in `call'
rack (2.0.7) lib/rack/runtime.rb:22:in `call'
activesupport (6.0.1) lib/active_support/cache/strategy/local_cache_middleware.rb:29:in `call'
actionpack (6.0.1) lib/action_dispatch/middleware/executor.rb:14:in `call'
actionpack (6.0.1) lib/action_dispatch/middleware/static.rb:126:in `call'
rack (2.0.7) lib/rack/sendfile.rb:111:in `call'
actionpack (6.0.1) lib/action_dispatch/middleware/host_authorization.rb:83:in `call'
railties (6.0.1) lib/rails/engine.rb:526:in `call'
puma (4.3.1) lib/puma/configuration.rb:228:in `call'
puma (4.3.1) lib/puma/server.rb:681:in `handle_request'
puma (4.3.1) lib/puma/server.rb:472:in `process_client'
puma (4.3.1) lib/puma/server.rb:328:in `block in run'
puma (4.3.1) lib/puma/thread_pool.rb:134:in `block in spawn_thread'
Started GET "/favicon.ico" for ::1 at 2019-12-13 11:12:30 -0500
  
ActionController::RoutingError (No route matches [GET] "/favicon.ico"):
  
actionpack (6.0.1) lib/action_dispatch/middleware/debug_exceptions.rb:36:in `call'
actionpack (6.0.1) lib/action_dispatch/middleware/show_exceptions.rb:33:in `call'
railties (6.0.1) lib/rails/rack/logger.rb:38:in `call_app'
railties (6.0.1) lib/rails/rack/logger.rb:26:in `block in call'
activesupport (6.0.1) lib/active_support/tagged_logging.rb:80:in `block in tagged'
activesupport (6.0.1) lib/active_support/tagged_logging.rb:28:in `tagged'
activesupport (6.0.1) lib/active_support/tagged_logging.rb:80:in `tagged'
railties (6.0.1) lib/rails/rack/logger.rb:26:in `call'
actionpack (6.0.1) lib/action_dispatch/middleware/remote_ip.rb:81:in `call'
actionpack (6.0.1) lib/action_dispatch/middleware/request_id.rb:27:in `call'
rack (2.0.7) lib/rack/runtime.rb:22:in `call'
activesupport (6.0.1) lib/active_support/cache/strategy/local_cache_middleware.rb:29:in `call'
actionpack (6.0.1) lib/action_dispatch/middleware/executor.rb:14:in `call'
actionpack (6.0.1) lib/action_dispatch/middleware/static.rb:126:in `call'
rack (2.0.7) lib/rack/sendfile.rb:111:in `call'
actionpack (6.0.1) lib/action_dispatch/middleware/host_authorization.rb:83:in `call'
railties (6.0.1) lib/rails/engine.rb:526:in `call'
puma (4.3.1) lib/puma/configuration.rb:228:in `call'
puma (4.3.1) lib/puma/server.rb:681:in `handle_request'
puma (4.3.1) lib/puma/server.rb:472:in `process_client'
puma (4.3.1) lib/puma/server.rb:328:in `block in run'
puma (4.3.1) lib/puma/thread_pool.rb:134:in `block in spawn_thread'
Started GET "/api/v1/albums" for ::1 at 2019-12-13 11:12:32 -0500
Processing by Api::V1::AlbumsController#index as HTML
Completed 204 No Content in 0ms (ActiveRecord: 0.0ms | Allocations: 71)


Started GET "/api/v1/albums" for ::1 at 2019-12-13 11:15:05 -0500
Processing by Api::V1::AlbumsController#index as HTML
  [1m[36mAlbum Load (0.7ms)[0m  [1m[34mSELECT "albums".* FROM "albums"[0m
  ↳ app/controllers/api/v1/albums_controller.rb:4:in `index'
Completed 200 OK in 19ms (Views: 12.5ms | ActiveRecord: 5.7ms | Allocations: 6875)


Started GET "/favicon.ico" for ::1 at 2019-12-13 11:15:05 -0500
  
ActionController::RoutingError (No route matches [GET] "/favicon.ico"):
  
actionpack (6.0.1) lib/action_dispatch/middleware/debug_exceptions.rb:36:in `call'
actionpack (6.0.1) lib/action_dispatch/middleware/show_exceptions.rb:33:in `call'
railties (6.0.1) lib/rails/rack/logger.rb:38:in `call_app'
railties (6.0.1) lib/rails/rack/logger.rb:26:in `block in call'
activesupport (6.0.1) lib/active_support/tagged_logging.rb:80:in `block in tagged'
activesupport (6.0.1) lib/active_support/tagged_logging.rb:28:in `tagged'
activesupport (6.0.1) lib/active_support/tagged_logging.rb:80:in `tagged'
railties (6.0.1) lib/rails/rack/logger.rb:26:in `call'
actionpack (6.0.1) lib/action_dispatch/middleware/remote_ip.rb:81:in `call'
actionpack (6.0.1) lib/action_dispatch/middleware/request_id.rb:27:in `call'
rack (2.0.7) lib/rack/runtime.rb:22:in `call'
activesupport (6.0.1) lib/active_support/cache/strategy/local_cache_middleware.rb:29:in `call'
actionpack (6.0.1) lib/action_dispatch/middleware/executor.rb:14:in `call'
actionpack (6.0.1) lib/action_dispatch/middleware/static.rb:126:in `call'
rack (2.0.7) lib/rack/sendfile.rb:111:in `call'
actionpack (6.0.1) lib/action_dispatch/middleware/host_authorization.rb:83:in `call'
railties (6.0.1) lib/rails/engine.rb:526:in `call'
puma (4.3.1) lib/puma/configuration.rb:228:in `call'
puma (4.3.1) lib/puma/server.rb:681:in `handle_request'
puma (4.3.1) lib/puma/server.rb:472:in `process_client'
puma (4.3.1) lib/puma/server.rb:328:in `block in run'
puma (4.3.1) lib/puma/thread_pool.rb:134:in `block in spawn_thread'
Started GET "/api/v1/albums" for ::1 at 2019-12-13 11:16:47 -0500
Processing by Api::V1::AlbumsController#index as HTML
  [1m[36mAlbum Load (0.3ms)[0m  [1m[34mSELECT "albums".* FROM "albums"[0m
  ↳ app/controllers/api/v1/albums_controller.rb:4:in `index'
Completed 200 OK in 18ms (Views: 12.5ms | ActiveRecord: 4.6ms | Allocations: 6150)


Started GET "/favicon.ico" for ::1 at 2019-12-13 11:16:47 -0500
  
ActionController::RoutingError (No route matches [GET] "/favicon.ico"):
  
actionpack (6.0.1) lib/action_dispatch/middleware/debug_exceptions.rb:36:in `call'
actionpack (6.0.1) lib/action_dispatch/middleware/show_exceptions.rb:33:in `call'
railties (6.0.1) lib/rails/rack/logger.rb:38:in `call_app'
railties (6.0.1) lib/rails/rack/logger.rb:26:in `block in call'
activesupport (6.0.1) lib/active_support/tagged_logging.rb:80:in `block in tagged'
activesupport (6.0.1) lib/active_support/tagged_logging.rb:28:in `tagged'
activesupport (6.0.1) lib/active_support/tagged_logging.rb:80:in `tagged'
railties (6.0.1) lib/rails/rack/logger.rb:26:in `call'
actionpack (6.0.1) lib/action_dispatch/middleware/remote_ip.rb:81:in `call'
actionpack (6.0.1) lib/action_dispatch/middleware/request_id.rb:27:in `call'
rack (2.0.7) lib/rack/runtime.rb:22:in `call'
activesupport (6.0.1) lib/active_support/cache/strategy/local_cache_middleware.rb:29:in `call'
actionpack (6.0.1) lib/action_dispatch/middleware/executor.rb:14:in `call'
actionpack (6.0.1) lib/action_dispatch/middleware/static.rb:126:in `call'
rack (2.0.7) lib/rack/sendfile.rb:111:in `call'
actionpack (6.0.1) lib/action_dispatch/middleware/host_authorization.rb:83:in `call'
railties (6.0.1) lib/rails/engine.rb:526:in `call'
puma (4.3.1) lib/puma/configuration.rb:228:in `call'
puma (4.3.1) lib/puma/server.rb:681:in `handle_request'
puma (4.3.1) lib/puma/server.rb:472:in `process_client'
puma (4.3.1) lib/puma/server.rb:328:in `block in run'
puma (4.3.1) lib/puma/thread_pool.rb:134:in `block in spawn_thread'
Started GET "/albums" for ::1 at 2019-12-13 11:18:16 -0500
  [1m[35m (0.9ms)[0m  [1m[34mSELECT "schema_migrations"."version" FROM "schema_migrations" ORDER BY "schema_migrations"."version" ASC[0m
  
ActionController::RoutingError (No route matches [GET] "/albums"):
  
actionpack (6.0.1) lib/action_dispatch/middleware/debug_exceptions.rb:36:in `call'
actionpack (6.0.1) lib/action_dispatch/middleware/show_exceptions.rb:33:in `call'
railties (6.0.1) lib/rails/rack/logger.rb:38:in `call_app'
railties (6.0.1) lib/rails/rack/logger.rb:26:in `block in call'
activesupport (6.0.1) lib/active_support/tagged_logging.rb:80:in `block in tagged'
activesupport (6.0.1) lib/active_support/tagged_logging.rb:28:in `tagged'
activesupport (6.0.1) lib/active_support/tagged_logging.rb:80:in `tagged'
railties (6.0.1) lib/rails/rack/logger.rb:26:in `call'
actionpack (6.0.1) lib/action_dispatch/middleware/remote_ip.rb:81:in `call'
actionpack (6.0.1) lib/action_dispatch/middleware/request_id.rb:27:in `call'
rack (2.0.7) lib/rack/runtime.rb:22:in `call'
activesupport (6.0.1) lib/active_support/cache/strategy/local_cache_middleware.rb:29:in `call'
actionpack (6.0.1) lib/action_dispatch/middleware/executor.rb:14:in `call'
actionpack (6.0.1) lib/action_dispatch/middleware/static.rb:126:in `call'
rack (2.0.7) lib/rack/sendfile.rb:111:in `call'
actionpack (6.0.1) lib/action_dispatch/middleware/host_authorization.rb:83:in `call'
railties (6.0.1) lib/rails/engine.rb:526:in `call'
puma (4.3.1) lib/puma/configuration.rb:228:in `call'
puma (4.3.1) lib/puma/server.rb:681:in `handle_request'
puma (4.3.1) lib/puma/server.rb:472:in `process_client'
puma (4.3.1) lib/puma/server.rb:328:in `block in run'
puma (4.3.1) lib/puma/thread_pool.rb:134:in `block in spawn_thread'
Started GET "/api/v1/albums" for ::1 at 2019-12-13 11:19:06 -0500
Processing by Api::V1::AlbumsController#index as */*
  [1m[36mAlbum Load (0.7ms)[0m  [1m[34mSELECT "albums".* FROM "albums"[0m
  ↳ app/controllers/api/v1/albums_controller.rb:4:in `index'
Completed 200 OK in 15ms (Views: 7.9ms | ActiveRecord: 5.7ms | Allocations: 6663)


Started GET "/api/v1/albums" for ::1 at 2019-12-13 11:22:07 -0500
  [1m[35m (0.7ms)[0m  [1m[34mSELECT "schema_migrations"."version" FROM "schema_migrations" ORDER BY "schema_migrations"."version" ASC[0m
Processing by Api::V1::AlbumsController#index as */*
  [1m[36mAlbum Load (0.5ms)[0m  [1m[34mSELECT "albums".* FROM "albums"[0m
  ↳ app/controllers/api/v1/albums_controller.rb:4:in `index'
Completed 200 OK in 14ms (Views: 6.4ms | ActiveRecord: 5.9ms | Allocations: 6646)


Started GET "/api/v1/albums" for ::1 at 2019-12-13 11:28:05 -0500
  [1m[35m (0.8ms)[0m  [1m[34mSELECT "schema_migrations"."version" FROM "schema_migrations" ORDER BY "schema_migrations"."version" ASC[0m
Processing by Api::V1::AlbumsController#index as */*
  [1m[36mAlbum Load (0.6ms)[0m  [1m[34mSELECT "albums".* FROM "albums"[0m
  ↳ app/controllers/api/v1/albums_controller.rb:4:in `index'
Completed 200 OK in 13ms (Views: 6.5ms | ActiveRecord: 5.7ms | Allocations: 6647)


Started POST "/albums" for ::1 at 2019-12-13 11:32:14 -0500
  
ActionController::RoutingError (No route matches [POST] "/albums"):
  
actionpack (6.0.1) lib/action_dispatch/middleware/debug_exceptions.rb:36:in `call'
actionpack (6.0.1) lib/action_dispatch/middleware/show_exceptions.rb:33:in `call'
railties (6.0.1) lib/rails/rack/logger.rb:38:in `call_app'
railties (6.0.1) lib/rails/rack/logger.rb:26:in `block in call'
activesupport (6.0.1) lib/active_support/tagged_logging.rb:80:in `block in tagged'
activesupport (6.0.1) lib/active_support/tagged_logging.rb:28:in `tagged'
activesupport (6.0.1) lib/active_support/tagged_logging.rb:80:in `tagged'
railties (6.0.1) lib/rails/rack/logger.rb:26:in `call'
actionpack (6.0.1) lib/action_dispatch/middleware/remote_ip.rb:81:in `call'
actionpack (6.0.1) lib/action_dispatch/middleware/request_id.rb:27:in `call'
rack (2.0.7) lib/rack/runtime.rb:22:in `call'
activesupport (6.0.1) lib/active_support/cache/strategy/local_cache_middleware.rb:29:in `call'
actionpack (6.0.1) lib/action_dispatch/middleware/executor.rb:14:in `call'
actionpack (6.0.1) lib/action_dispatch/middleware/static.rb:126:in `call'
rack (2.0.7) lib/rack/sendfile.rb:111:in `call'
actionpack (6.0.1) lib/action_dispatch/middleware/host_authorization.rb:83:in `call'
rack-cors (1.1.0) lib/rack/cors.rb:100:in `call'
railties (6.0.1) lib/rails/engine.rb:526:in `call'
puma (4.3.1) lib/puma/configuration.rb:228:in `call'
puma (4.3.1) lib/puma/server.rb:681:in `handle_request'
puma (4.3.1) lib/puma/server.rb:472:in `process_client'
puma (4.3.1) lib/puma/server.rb:328:in `block in run'
puma (4.3.1) lib/puma/thread_pool.rb:134:in `block in spawn_thread'
Started POST "/albums" for ::1 at 2019-12-13 11:32:45 -0500
  
ActionController::RoutingError (No route matches [POST] "/albums"):
  
actionpack (6.0.1) lib/action_dispatch/middleware/debug_exceptions.rb:36:in `call'
actionpack (6.0.1) lib/action_dispatch/middleware/show_exceptions.rb:33:in `call'
railties (6.0.1) lib/rails/rack/logger.rb:38:in `call_app'
railties (6.0.1) lib/rails/rack/logger.rb:26:in `block in call'
activesupport (6.0.1) lib/active_support/tagged_logging.rb:80:in `block in tagged'
activesupport (6.0.1) lib/active_support/tagged_logging.rb:28:in `tagged'
activesupport (6.0.1) lib/active_support/tagged_logging.rb:80:in `tagged'
railties (6.0.1) lib/rails/rack/logger.rb:26:in `call'
actionpack (6.0.1) lib/action_dispatch/middleware/remote_ip.rb:81:in `call'
actionpack (6.0.1) lib/action_dispatch/middleware/request_id.rb:27:in `call'
rack (2.0.7) lib/rack/runtime.rb:22:in `call'
activesupport (6.0.1) lib/active_support/cache/strategy/local_cache_middleware.rb:29:in `call'
actionpack (6.0.1) lib/action_dispatch/middleware/executor.rb:14:in `call'
actionpack (6.0.1) lib/action_dispatch/middleware/static.rb:126:in `call'
rack (2.0.7) lib/rack/sendfile.rb:111:in `call'
actionpack (6.0.1) lib/action_dispatch/middleware/host_authorization.rb:83:in `call'
rack-cors (1.1.0) lib/rack/cors.rb:100:in `call'
railties (6.0.1) lib/rails/engine.rb:526:in `call'
puma (4.3.1) lib/puma/configuration.rb:228:in `call'
puma (4.3.1) lib/puma/server.rb:681:in `handle_request'
puma (4.3.1) lib/puma/server.rb:472:in `process_client'
puma (4.3.1) lib/puma/server.rb:328:in `block in run'
puma (4.3.1) lib/puma/thread_pool.rb:134:in `block in spawn_thread'
Started GET "/api/v1/albums" for ::1 at 2019-12-13 11:33:36 -0500
Processing by Api::V1::AlbumsController#index as */*
  [1m[36mAlbum Load (0.4ms)[0m  [1m[34mSELECT "albums".* FROM "albums"[0m
  ↳ app/controllers/api/v1/albums_controller.rb:4:in `index'
Completed 200 OK in 4ms (Views: 2.9ms | ActiveRecord: 0.4ms | Allocations: 1573)


Started POST "/api/v1/albums" for ::1 at 2019-12-13 11:33:44 -0500
  
AbstractController::ActionNotFound (The action 'create' could not be found for Api::V1::AlbumsController):
  
actionpack (6.0.1) lib/abstract_controller/base.rb:131:in `process'
actionpack (6.0.1) lib/action_controller/metal.rb:191:in `dispatch'
actionpack (6.0.1) lib/action_controller/metal.rb:252:in `dispatch'
actionpack (6.0.1) lib/action_dispatch/routing/route_set.rb:51:in `dispatch'
actionpack (6.0.1) lib/action_dispatch/routing/route_set.rb:33:in `serve'
actionpack (6.0.1) lib/action_dispatch/journey/router.rb:49:in `block in serve'
actionpack (6.0.1) lib/action_dispatch/journey/router.rb:32:in `each'
actionpack (6.0.1) lib/action_dispatch/journey/router.rb:32:in `serve'
actionpack (6.0.1) lib/action_dispatch/routing/route_set.rb:837:in `call'
rack (2.0.7) lib/rack/etag.rb:25:in `call'
rack (2.0.7) lib/rack/conditional_get.rb:38:in `call'
rack (2.0.7) lib/rack/head.rb:12:in `call'
activerecord (6.0.1) lib/active_record/migration.rb:567:in `call'
actionpack (6.0.1) lib/action_dispatch/middleware/callbacks.rb:27:in `block in call'
activesupport (6.0.1) lib/active_support/callbacks.rb:101:in `run_callbacks'
actionpack (6.0.1) lib/action_dispatch/middleware/callbacks.rb:26:in `call'
actionpack (6.0.1) lib/action_dispatch/middleware/executor.rb:14:in `call'
actionpack (6.0.1) lib/action_dispatch/middleware/actionable_exceptions.rb:17:in `call'
actionpack (6.0.1) lib/action_dispatch/middleware/debug_exceptions.rb:32:in `call'
actionpack (6.0.1) lib/action_dispatch/middleware/show_exceptions.rb:33:in `call'
railties (6.0.1) lib/rails/rack/logger.rb:38:in `call_app'
railties (6.0.1) lib/rails/rack/logger.rb:26:in `block in call'
activesupport (6.0.1) lib/active_support/tagged_logging.rb:80:in `block in tagged'
activesupport (6.0.1) lib/active_support/tagged_logging.rb:28:in `tagged'
activesupport (6.0.1) lib/active_support/tagged_logging.rb:80:in `tagged'
railties (6.0.1) lib/rails/rack/logger.rb:26:in `call'
actionpack (6.0.1) lib/action_dispatch/middleware/remote_ip.rb:81:in `call'
actionpack (6.0.1) lib/action_dispatch/middleware/request_id.rb:27:in `call'
rack (2.0.7) lib/rack/runtime.rb:22:in `call'
activesupport (6.0.1) lib/active_support/cache/strategy/local_cache_middleware.rb:29:in `call'
actionpack (6.0.1) lib/action_dispatch/middleware/executor.rb:14:in `call'
actionpack (6.0.1) lib/action_dispatch/middleware/static.rb:126:in `call'
rack (2.0.7) lib/rack/sendfile.rb:111:in `call'
actionpack (6.0.1) lib/action_dispatch/middleware/host_authorization.rb:83:in `call'
rack-cors (1.1.0) lib/rack/cors.rb:100:in `call'
railties (6.0.1) lib/rails/engine.rb:526:in `call'
puma (4.3.1) lib/puma/configuration.rb:228:in `call'
puma (4.3.1) lib/puma/server.rb:681:in `handle_request'
puma (4.3.1) lib/puma/server.rb:472:in `process_client'
puma (4.3.1) lib/puma/server.rb:328:in `block in run'
puma (4.3.1) lib/puma/thread_pool.rb:134:in `block in spawn_thread'
Started POST "/api/v1/albums" for ::1 at 2019-12-13 11:35:39 -0500
Processing by Api::V1::AlbumsController#create as */*
  Parameters: {"title"=>"Christmas in America 🇺🇸", "artist"=>"Kenny Rogers", "image"=>"https://images-na.ssl-images-amazon.com/images/I/81fdTwjW7hL._SX355_.jpg", "score"=>0, "album"=>{"title"=>"Christmas in America 🇺🇸", "artist"=>"Kenny Rogers", "image"=>"https://images-na.ssl-images-amazon.com/images/I/81fdTwjW7hL._SX355_.jpg", "score"=>0}}
Completed 204 No Content in 58661ms (ActiveRecord: 2.1ms | Allocations: 47063)


Started POST "/api/v1/albums" for ::1 at 2019-12-13 11:36:47 -0500
Processing by Api::V1::AlbumsController#create as */*
  Parameters: {"title"=>"Christmas in America 🇺🇸", "artist"=>"Kenny Rogers", "image"=>"https://images-na.ssl-images-amazon.com/images/I/81fdTwjW7hL._SX355_.jpg", "score"=>0, "album"=>{"title"=>"Christmas in America 🇺🇸", "artist"=>"Kenny Rogers", "image"=>"https://images-na.ssl-images-amazon.com/images/I/81fdTwjW7hL._SX355_.jpg", "score"=>0}}
Completed 204 No Content in 10332ms (ActiveRecord: 0.0ms | Allocations: 1795)


Started GET "/api/v1/albums" for ::1 at 2019-12-13 11:36:57 -0500
Processing by Api::V1::AlbumsController#index as */*
  [1m[36mAlbum Load (0.4ms)[0m  [1m[34mSELECT "albums".* FROM "albums"[0m
  ↳ app/controllers/api/v1/albums_controller.rb:4:in `index'
Completed 200 OK in 10ms (Views: 6.6ms | ActiveRecord: 3.1ms | Allocations: 5405)


Started GET "/api/v1/albums" for ::1 at 2019-12-13 11:37:01 -0500
Processing by Api::V1::AlbumsController#index as */*
  [1m[36mAlbum Load (0.4ms)[0m  [1m[34mSELECT "albums".* FROM "albums"[0m
  ↳ app/controllers/api/v1/albums_controller.rb:4:in `index'
Completed 200 OK in 3ms (Views: 2.7ms | ActiveRecord: 0.4ms | Allocations: 1556)


Started POST "/api/v1/albums" for ::1 at 2019-12-13 11:37:11 -0500
Processing by Api::V1::AlbumsController#create as */*
  Parameters: {"title"=>"Christmas in America 🇺🇸", "artist"=>"Kenny Rogers", "image"=>"https://images-na.ssl-images-amazon.com/images/I/81fdTwjW7hL._SX355_.jpg", "score"=>0, "album"=>{"title"=>"Christmas in America 🇺🇸", "artist"=>"Kenny Rogers", "image"=>"https://images-na.ssl-images-amazon.com/images/I/81fdTwjW7hL._SX355_.jpg", "score"=>0}}
Completed 204 No Content in 362744ms (ActiveRecord: 0.0ms | Allocations: 2212)


Started GET "/api/v1/albums" for ::1 at 2019-12-13 11:43:18 -0500
Processing by Api::V1::AlbumsController#index as */*
  [1m[36mAlbum Load (0.4ms)[0m  [1m[34mSELECT "albums".* FROM "albums"[0m
  ↳ app/controllers/api/v1/albums_controller.rb:4:in `index'
Completed 200 OK in 13ms (Views: 6.7ms | ActiveRecord: 5.2ms | Allocations: 6112)


Started POST "/api/v1/albums" for ::1 at 2019-12-13 11:43:27 -0500
Processing by Api::V1::AlbumsController#create as */*
  Parameters: {"title"=>"Christmas in America 🇺🇸", "artist"=>"Kenny Rogers", "image"=>"https://images-na.ssl-images-amazon.com/images/I/81fdTwjW7hL._SX355_.jpg", "score"=>0, "album"=>{"title"=>"Christmas in America 🇺🇸", "artist"=>"Kenny Rogers", "image"=>"https://images-na.ssl-images-amazon.com/images/I/81fdTwjW7hL._SX355_.jpg", "score"=>0}}
  [1m[35m (0.3ms)[0m  [1m[35mBEGIN[0m
  ↳ app/controllers/api/v1/albums_controller.rb:9:in `create'
  [1m[36mAlbum Create (1.1ms)[0m  [1m[32mINSERT INTO "albums" ("title", "artist", "image", "score", "created_at", "updated_at") VALUES ($1, $2, $3, $4, $5, $6) RETURNING "id"[0m  [["title", "Christmas in America 🇺🇸"], ["artist", "Kenny Rogers"], ["image", "https://images-na.ssl-images-amazon.com/images/I/81fdTwjW7hL._SX355_.jpg"], ["score", 0], ["created_at", "2019-12-13 16:43:27.219300"], ["updated_at", "2019-12-13 16:43:27.219300"]]
  ↳ app/controllers/api/v1/albums_controller.rb:9:in `create'
  [1m[35m (0.5ms)[0m  [1m[35mCOMMIT[0m
  ↳ app/controllers/api/v1/albums_controller.rb:9:in `create'
Completed 200 OK in 8ms (Views: 0.3ms | ActiveRecord: 1.8ms | Allocations: 2541)


  [1m[36mAlbum Load (0.4ms)[0m  [1m[34mSELECT "albums".* FROM "albums" ORDER BY "albums"."id" DESC LIMIT $1[0m  [["LIMIT", 1]]
  [1m[35m (0.1ms)[0m  [1m[35mBEGIN[0m
  [1m[36mAlbum Update (0.5ms)[0m  [1m[33mUPDATE "albums" SET "image" = $1, "updated_at" = $2 WHERE "albums"."id" = $3[0m  [["image", "https://images-na.ssl-images-amazon.com/images/I/91a08-rm0%2BL._SL1425_.jpg"], ["updated_at", "2019-12-13 16:44:18.824897"], ["id", 8]]
  [1m[35m (0.4ms)[0m  [1m[35mCOMMIT[0m
Started GET "/api/v1/albums" for ::1 at 2019-12-13 11:44:22 -0500
Processing by Api::V1::AlbumsController#index as */*
  [1m[36mAlbum Load (0.5ms)[0m  [1m[34mSELECT "albums".* FROM "albums"[0m
  ↳ app/controllers/api/v1/albums_controller.rb:4:in `index'
Completed 200 OK in 4ms (Views: 2.9ms | ActiveRecord: 0.5ms | Allocations: 1668)


