Started GET "/cows" for ::1 at 2019-11-20 14:05:19 -0500
  [1m[35m (1.7ms)[0m  [1m[34mSELECT sqlite_version(*)[0m
  
ActionController::RoutingError (No route matches [GET] "/cows"):
  
actionpack (6.0.1) lib/action_dispatch/middleware/debug_exceptions.rb:36:in `call'
web-console (4.0.1) lib/web_console/middleware.rb:132:in `call_app'
web-console (4.0.1) lib/web_console/middleware.rb:28:in `block in call'
web-console (4.0.1) lib/web_console/middleware.rb:17:in `catch'
web-console (4.0.1) lib/web_console/middleware.rb:17:in `call'
actionpack (6.0.1) lib/action_dispatch/middleware/show_exceptions.rb:33:in `call'
railties (6.0.1) lib/rails/rack/logger.rb:38:in `call_app'
railties (6.0.1) lib/rails/rack/logger.rb:26:in `block in call'
activesupport (6.0.1) lib/active_support/tagged_logging.rb:80:in `block in tagged'
activesupport (6.0.1) lib/active_support/tagged_logging.rb:28:in `tagged'
activesupport (6.0.1) lib/active_support/tagged_logging.rb:80:in `tagged'
railties (6.0.1) lib/rails/rack/logger.rb:26:in `call'
sprockets-rails (3.2.1) lib/sprockets/rails/quiet_assets.rb:13:in `call'
actionpack (6.0.1) lib/action_dispatch/middleware/remote_ip.rb:81:in `call'
actionpack (6.0.1) lib/action_dispatch/middleware/request_id.rb:27:in `call'
rack (2.0.7) lib/rack/method_override.rb:22:in `call'
rack (2.0.7) lib/rack/runtime.rb:22:in `call'
activesupport (6.0.1) lib/active_support/cache/strategy/local_cache_middleware.rb:29:in `call'
actionpack (6.0.1) lib/action_dispatch/middleware/executor.rb:14:in `call'
actionpack (6.0.1) lib/action_dispatch/middleware/static.rb:126:in `call'
rack (2.0.7) lib/rack/sendfile.rb:111:in `call'
actionpack (6.0.1) lib/action_dispatch/middleware/host_authorization.rb:83:in `call'
webpacker (4.2.0) lib/webpacker/dev_server_proxy.rb:23:in `perform_request'
rack-proxy (0.6.5) lib/rack/proxy.rb:57:in `call'
railties (6.0.1) lib/rails/engine.rb:526:in `call'
puma (4.3.0) lib/puma/configuration.rb:228:in `call'
puma (4.3.0) lib/puma/server.rb:667:in `handle_request'
puma (4.3.0) lib/puma/server.rb:470:in `process_client'
puma (4.3.0) lib/puma/server.rb:328:in `block in run'
puma (4.3.0) lib/puma/thread_pool.rb:134:in `block in spawn_thread'
Started GET "/rails/info/routes?path=mailbox" for ::1 at 2019-11-20 14:06:18 -0500
Processing by Rails::InfoController#routes as */*
  Parameters: {"path"=>"mailbox"}
Completed 200 OK in 2ms (Views: 0.3ms | ActiveRecord: 0.0ms | Allocations: 1783)


Started PUT "/__web_console/repl_sessions/089142f1bca6d3d52397a7ca06fef1e8" for ::1 at 2019-11-20 14:06:41 -0500
Started PUT "/__web_console/repl_sessions/089142f1bca6d3d52397a7ca06fef1e8" for ::1 at 2019-11-20 14:06:42 -0500
Started PUT "/__web_console/repl_sessions/089142f1bca6d3d52397a7ca06fef1e8" for ::1 at 2019-11-20 14:06:42 -0500
Started GET "/cows" for ::1 at 2019-11-20 14:18:02 -0500
  [1m[35m (0.1ms)[0m  [1m[34mSELECT sqlite_version(*)[0m
  
ActionController::RoutingError (uninitialized constant CowsController):
  
activesupport (6.0.1) lib/active_support/inflector/methods.rb:282:in `const_get'
activesupport (6.0.1) lib/active_support/inflector/methods.rb:282:in `block in constantize'
activesupport (6.0.1) lib/active_support/inflector/methods.rb:280:in `each'
activesupport (6.0.1) lib/active_support/inflector/methods.rb:280:in `inject'
activesupport (6.0.1) lib/active_support/inflector/methods.rb:280:in `constantize'
activesupport (6.0.1) lib/active_support/dependencies/zeitwerk_integration.rb:19:in `constantize'
actionpack (6.0.1) lib/action_dispatch/http/request.rb:88:in `controller_class_for'
actionpack (6.0.1) lib/action_dispatch/http/request.rb:81:in `controller_class'
actionpack (6.0.1) lib/action_dispatch/routing/route_set.rb:45:in `controller'
actionpack (6.0.1) lib/action_dispatch/routing/route_set.rb:31:in `serve'
actionpack (6.0.1) lib/action_dispatch/journey/router.rb:49:in `block in serve'
actionpack (6.0.1) lib/action_dispatch/journey/router.rb:32:in `each'
actionpack (6.0.1) lib/action_dispatch/journey/router.rb:32:in `serve'
actionpack (6.0.1) lib/action_dispatch/routing/route_set.rb:837:in `call'
rack (2.0.7) lib/rack/tempfile_reaper.rb:15:in `call'
rack (2.0.7) lib/rack/etag.rb:25:in `call'
rack (2.0.7) lib/rack/conditional_get.rb:25:in `call'
rack (2.0.7) lib/rack/head.rb:12:in `call'
actionpack (6.0.1) lib/action_dispatch/http/content_security_policy.rb:18:in `call'
rack (2.0.7) lib/rack/session/abstract/id.rb:232:in `context'
rack (2.0.7) lib/rack/session/abstract/id.rb:226:in `call'
actionpack (6.0.1) lib/action_dispatch/middleware/cookies.rb:648:in `call'
activerecord (6.0.1) lib/active_record/migration.rb:567:in `call'
actionpack (6.0.1) lib/action_dispatch/middleware/callbacks.rb:27:in `block in call'
activesupport (6.0.1) lib/active_support/callbacks.rb:101:in `run_callbacks'
actionpack (6.0.1) lib/action_dispatch/middleware/callbacks.rb:26:in `call'
actionpack (6.0.1) lib/action_dispatch/middleware/executor.rb:14:in `call'
actionpack (6.0.1) lib/action_dispatch/middleware/actionable_exceptions.rb:17:in `call'
actionpack (6.0.1) lib/action_dispatch/middleware/debug_exceptions.rb:32:in `call'
web-console (4.0.1) lib/web_console/middleware.rb:132:in `call_app'
web-console (4.0.1) lib/web_console/middleware.rb:28:in `block in call'
web-console (4.0.1) lib/web_console/middleware.rb:17:in `catch'
web-console (4.0.1) lib/web_console/middleware.rb:17:in `call'
actionpack (6.0.1) lib/action_dispatch/middleware/show_exceptions.rb:33:in `call'
railties (6.0.1) lib/rails/rack/logger.rb:38:in `call_app'
railties (6.0.1) lib/rails/rack/logger.rb:26:in `block in call'
activesupport (6.0.1) lib/active_support/tagged_logging.rb:80:in `block in tagged'
activesupport (6.0.1) lib/active_support/tagged_logging.rb:28:in `tagged'
activesupport (6.0.1) lib/active_support/tagged_logging.rb:80:in `tagged'
railties (6.0.1) lib/rails/rack/logger.rb:26:in `call'
sprockets-rails (3.2.1) lib/sprockets/rails/quiet_assets.rb:13:in `call'
actionpack (6.0.1) lib/action_dispatch/middleware/remote_ip.rb:81:in `call'
actionpack (6.0.1) lib/action_dispatch/middleware/request_id.rb:27:in `call'
rack (2.0.7) lib/rack/method_override.rb:22:in `call'
rack (2.0.7) lib/rack/runtime.rb:22:in `call'
activesupport (6.0.1) lib/active_support/cache/strategy/local_cache_middleware.rb:29:in `call'
actionpack (6.0.1) lib/action_dispatch/middleware/executor.rb:14:in `call'
actionpack (6.0.1) lib/action_dispatch/middleware/static.rb:126:in `call'
rack (2.0.7) lib/rack/sendfile.rb:111:in `call'
actionpack (6.0.1) lib/action_dispatch/middleware/host_authorization.rb:83:in `call'
webpacker (4.2.0) lib/webpacker/dev_server_proxy.rb:23:in `perform_request'
rack-proxy (0.6.5) lib/rack/proxy.rb:57:in `call'
railties (6.0.1) lib/rails/engine.rb:526:in `call'
puma (4.3.0) lib/puma/configuration.rb:228:in `call'
puma (4.3.0) lib/puma/server.rb:667:in `handle_request'
puma (4.3.0) lib/puma/server.rb:470:in `process_client'
puma (4.3.0) lib/puma/server.rb:328:in `block in run'
puma (4.3.0) lib/puma/thread_pool.rb:134:in `block in spawn_thread'
Started GET "/cows" for ::1 at 2019-11-20 14:18:36 -0500
  [1m[35m (0.0ms)[0m  [1m[34mSELECT sqlite_version(*)[0m
  
AbstractController::ActionNotFound (The action 'index' could not be found for CowsController):
  
actionpack (6.0.1) lib/abstract_controller/base.rb:131:in `process'
actionview (6.0.1) lib/action_view/rendering.rb:39:in `process'
actionpack (6.0.1) lib/action_controller/metal.rb:191:in `dispatch'
actionpack (6.0.1) lib/action_controller/metal.rb:252:in `dispatch'
actionpack (6.0.1) lib/action_dispatch/routing/route_set.rb:51:in `dispatch'
actionpack (6.0.1) lib/action_dispatch/routing/route_set.rb:33:in `serve'
actionpack (6.0.1) lib/action_dispatch/journey/router.rb:49:in `block in serve'
actionpack (6.0.1) lib/action_dispatch/journey/router.rb:32:in `each'
actionpack (6.0.1) lib/action_dispatch/journey/router.rb:32:in `serve'
actionpack (6.0.1) lib/action_dispatch/routing/route_set.rb:837:in `call'
rack (2.0.7) lib/rack/tempfile_reaper.rb:15:in `call'
rack (2.0.7) lib/rack/etag.rb:25:in `call'
rack (2.0.7) lib/rack/conditional_get.rb:25:in `call'
rack (2.0.7) lib/rack/head.rb:12:in `call'
actionpack (6.0.1) lib/action_dispatch/http/content_security_policy.rb:18:in `call'
rack (2.0.7) lib/rack/session/abstract/id.rb:232:in `context'
rack (2.0.7) lib/rack/session/abstract/id.rb:226:in `call'
actionpack (6.0.1) lib/action_dispatch/middleware/cookies.rb:648:in `call'
activerecord (6.0.1) lib/active_record/migration.rb:567:in `call'
actionpack (6.0.1) lib/action_dispatch/middleware/callbacks.rb:27:in `block in call'
activesupport (6.0.1) lib/active_support/callbacks.rb:101:in `run_callbacks'
actionpack (6.0.1) lib/action_dispatch/middleware/callbacks.rb:26:in `call'
actionpack (6.0.1) lib/action_dispatch/middleware/executor.rb:14:in `call'
actionpack (6.0.1) lib/action_dispatch/middleware/actionable_exceptions.rb:17:in `call'
actionpack (6.0.1) lib/action_dispatch/middleware/debug_exceptions.rb:32:in `call'
web-console (4.0.1) lib/web_console/middleware.rb:132:in `call_app'
web-console (4.0.1) lib/web_console/middleware.rb:28:in `block in call'
web-console (4.0.1) lib/web_console/middleware.rb:17:in `catch'
web-console (4.0.1) lib/web_console/middleware.rb:17:in `call'
actionpack (6.0.1) lib/action_dispatch/middleware/show_exceptions.rb:33:in `call'
railties (6.0.1) lib/rails/rack/logger.rb:38:in `call_app'
railties (6.0.1) lib/rails/rack/logger.rb:26:in `block in call'
activesupport (6.0.1) lib/active_support/tagged_logging.rb:80:in `block in tagged'
activesupport (6.0.1) lib/active_support/tagged_logging.rb:28:in `tagged'
activesupport (6.0.1) lib/active_support/tagged_logging.rb:80:in `tagged'
railties (6.0.1) lib/rails/rack/logger.rb:26:in `call'
sprockets-rails (3.2.1) lib/sprockets/rails/quiet_assets.rb:13:in `call'
actionpack (6.0.1) lib/action_dispatch/middleware/remote_ip.rb:81:in `call'
actionpack (6.0.1) lib/action_dispatch/middleware/request_id.rb:27:in `call'
rack (2.0.7) lib/rack/method_override.rb:22:in `call'
rack (2.0.7) lib/rack/runtime.rb:22:in `call'
activesupport (6.0.1) lib/active_support/cache/strategy/local_cache_middleware.rb:29:in `call'
actionpack (6.0.1) lib/action_dispatch/middleware/executor.rb:14:in `call'
actionpack (6.0.1) lib/action_dispatch/middleware/static.rb:126:in `call'
rack (2.0.7) lib/rack/sendfile.rb:111:in `call'
actionpack (6.0.1) lib/action_dispatch/middleware/host_authorization.rb:83:in `call'
webpacker (4.2.0) lib/webpacker/dev_server_proxy.rb:23:in `perform_request'
rack-proxy (0.6.5) lib/rack/proxy.rb:57:in `call'
railties (6.0.1) lib/rails/engine.rb:526:in `call'
puma (4.3.0) lib/puma/configuration.rb:228:in `call'
puma (4.3.0) lib/puma/server.rb:667:in `handle_request'
puma (4.3.0) lib/puma/server.rb:470:in `process_client'
puma (4.3.0) lib/puma/server.rb:328:in `block in run'
puma (4.3.0) lib/puma/thread_pool.rb:134:in `block in spawn_thread'
Started GET "/cows" for ::1 at 2019-11-20 14:19:38 -0500
  [1m[35m (0.0ms)[0m  [1m[34mSELECT sqlite_version(*)[0m
Processing by CowsController#index as HTML
Completed 406 Not Acceptable in 3ms (ActiveRecord: 0.0ms | Allocations: 1919)


  
ActionController::MissingExactTemplate (CowsController#index is missing a template for request formats: text/html):
  
actionpack (6.0.1) lib/action_controller/metal/implicit_render.rb:45:in `default_render'
actionpack (6.0.1) lib/action_controller/metal/basic_implicit_render.rb:6:in `block in send_action'
actionpack (6.0.1) lib/action_controller/metal/basic_implicit_render.rb:6:in `tap'
actionpack (6.0.1) lib/action_controller/metal/basic_implicit_render.rb:6:in `send_action'
actionpack (6.0.1) lib/abstract_controller/base.rb:196:in `process_action'
actionpack (6.0.1) lib/action_controller/metal/rendering.rb:30:in `process_action'
actionpack (6.0.1) lib/abstract_controller/callbacks.rb:42:in `block in process_action'
activesupport (6.0.1) lib/active_support/callbacks.rb:135:in `run_callbacks'
actionpack (6.0.1) lib/abstract_controller/callbacks.rb:41:in `process_action'
actionpack (6.0.1) lib/action_controller/metal/rescue.rb:22:in `process_action'
actionpack (6.0.1) lib/action_controller/metal/instrumentation.rb:33:in `block in process_action'
activesupport (6.0.1) lib/active_support/notifications.rb:180:in `block in instrument'
activesupport (6.0.1) lib/active_support/notifications/instrumenter.rb:24:in `instrument'
activesupport (6.0.1) lib/active_support/notifications.rb:180:in `instrument'
actionpack (6.0.1) lib/action_controller/metal/instrumentation.rb:32:in `process_action'
actionpack (6.0.1) lib/action_controller/metal/params_wrapper.rb:245:in `process_action'
activerecord (6.0.1) lib/active_record/railties/controller_runtime.rb:27:in `process_action'
actionpack (6.0.1) lib/abstract_controller/base.rb:136:in `process'
actionview (6.0.1) lib/action_view/rendering.rb:39:in `process'
actionpack (6.0.1) lib/action_controller/metal.rb:191:in `dispatch'
actionpack (6.0.1) lib/action_controller/metal.rb:252:in `dispatch'
actionpack (6.0.1) lib/action_dispatch/routing/route_set.rb:51:in `dispatch'
actionpack (6.0.1) lib/action_dispatch/routing/route_set.rb:33:in `serve'
actionpack (6.0.1) lib/action_dispatch/journey/router.rb:49:in `block in serve'
actionpack (6.0.1) lib/action_dispatch/journey/router.rb:32:in `each'
actionpack (6.0.1) lib/action_dispatch/journey/router.rb:32:in `serve'
actionpack (6.0.1) lib/action_dispatch/routing/route_set.rb:837:in `call'
rack (2.0.7) lib/rack/tempfile_reaper.rb:15:in `call'
rack (2.0.7) lib/rack/etag.rb:25:in `call'
rack (2.0.7) lib/rack/conditional_get.rb:25:in `call'
rack (2.0.7) lib/rack/head.rb:12:in `call'
actionpack (6.0.1) lib/action_dispatch/http/content_security_policy.rb:18:in `call'
rack (2.0.7) lib/rack/session/abstract/id.rb:232:in `context'
rack (2.0.7) lib/rack/session/abstract/id.rb:226:in `call'
actionpack (6.0.1) lib/action_dispatch/middleware/cookies.rb:648:in `call'
activerecord (6.0.1) lib/active_record/migration.rb:567:in `call'
actionpack (6.0.1) lib/action_dispatch/middleware/callbacks.rb:27:in `block in call'
activesupport (6.0.1) lib/active_support/callbacks.rb:101:in `run_callbacks'
actionpack (6.0.1) lib/action_dispatch/middleware/callbacks.rb:26:in `call'
actionpack (6.0.1) lib/action_dispatch/middleware/executor.rb:14:in `call'
actionpack (6.0.1) lib/action_dispatch/middleware/actionable_exceptions.rb:17:in `call'
actionpack (6.0.1) lib/action_dispatch/middleware/debug_exceptions.rb:32:in `call'
web-console (4.0.1) lib/web_console/middleware.rb:132:in `call_app'
web-console (4.0.1) lib/web_console/middleware.rb:28:in `block in call'
web-console (4.0.1) lib/web_console/middleware.rb:17:in `catch'
web-console (4.0.1) lib/web_console/middleware.rb:17:in `call'
actionpack (6.0.1) lib/action_dispatch/middleware/show_exceptions.rb:33:in `call'
railties (6.0.1) lib/rails/rack/logger.rb:38:in `call_app'
railties (6.0.1) lib/rails/rack/logger.rb:26:in `block in call'
activesupport (6.0.1) lib/active_support/tagged_logging.rb:80:in `block in tagged'
activesupport (6.0.1) lib/active_support/tagged_logging.rb:28:in `tagged'
activesupport (6.0.1) lib/active_support/tagged_logging.rb:80:in `tagged'
railties (6.0.1) lib/rails/rack/logger.rb:26:in `call'
sprockets-rails (3.2.1) lib/sprockets/rails/quiet_assets.rb:13:in `call'
actionpack (6.0.1) lib/action_dispatch/middleware/remote_ip.rb:81:in `call'
actionpack (6.0.1) lib/action_dispatch/middleware/request_id.rb:27:in `call'
rack (2.0.7) lib/rack/method_override.rb:22:in `call'
rack (2.0.7) lib/rack/runtime.rb:22:in `call'
activesupport (6.0.1) lib/active_support/cache/strategy/local_cache_middleware.rb:29:in `call'
actionpack (6.0.1) lib/action_dispatch/middleware/executor.rb:14:in `call'
actionpack (6.0.1) lib/action_dispatch/middleware/static.rb:126:in `call'
rack (2.0.7) lib/rack/sendfile.rb:111:in `call'
actionpack (6.0.1) lib/action_dispatch/middleware/host_authorization.rb:83:in `call'
webpacker (4.2.0) lib/webpacker/dev_server_proxy.rb:23:in `perform_request'
rack-proxy (0.6.5) lib/rack/proxy.rb:57:in `call'
railties (6.0.1) lib/rails/engine.rb:526:in `call'
puma (4.3.0) lib/puma/configuration.rb:228:in `call'
puma (4.3.0) lib/puma/server.rb:667:in `handle_request'
puma (4.3.0) lib/puma/server.rb:470:in `process_client'
puma (4.3.0) lib/puma/server.rb:328:in `block in run'
puma (4.3.0) lib/puma/thread_pool.rb:134:in `block in spawn_thread'
Started GET "/cows" for ::1 at 2019-11-20 14:21:56 -0500
Processing by CowsController#index as HTML
  Rendering cows/index.html.erb within layouts/application
  Rendered cows/index.html.erb within layouts/application (Duration: 0.6ms | Allocations: 88)
[Webpacker] Compiling...
[Webpacker] Compiled all packs in /Users/sdoran/Development/code/batches/nyc-web-102819/17-rails-routes-forms-and-params/alien-adoptions/public/packs
[Webpacker] Hash: 53154d7baad00c6a1252
Version: webpack 4.41.2
Time: 1201ms
Built at: 11/20/2019 2:21:58 PM
                                     Asset       Size       Chunks                         Chunk Names
    js/application-0b67a3cc2fcde6055024.js    124 KiB  application  [emitted] [immutable]  application
js/application-0b67a3cc2fcde6055024.js.map    139 KiB  application  [emitted] [dev]        application
                             manifest.json  364 bytes               [emitted]              
Entrypoint application = js/application-0b67a3cc2fcde6055024.js js/application-0b67a3cc2fcde6055024.js.map
[./app/javascript/channels sync recursive _channel\.js$] ./app/javascript/channels sync _channel\.js$ 160 bytes {application} [built]
[./app/javascript/channels/index.js] 211 bytes {application} [built]
[./app/javascript/packs/application.js] 749 bytes {application} [built]
[./node_modules/webpack/buildin/module.js] (webpack)/buildin/module.js 552 bytes {application} [built]
    + 3 hidden modules

Completed 200 OK in 2475ms (Views: 2473.9ms | ActiveRecord: 0.0ms | Allocations: 16735)


Started GET "/cowss" for ::1 at 2019-11-20 14:22:16 -0500
  
ActionController::RoutingError (No route matches [GET] "/cowss"):
  
actionpack (6.0.1) lib/action_dispatch/middleware/debug_exceptions.rb:36:in `call'
web-console (4.0.1) lib/web_console/middleware.rb:132:in `call_app'
web-console (4.0.1) lib/web_console/middleware.rb:28:in `block in call'
web-console (4.0.1) lib/web_console/middleware.rb:17:in `catch'
web-console (4.0.1) lib/web_console/middleware.rb:17:in `call'
actionpack (6.0.1) lib/action_dispatch/middleware/show_exceptions.rb:33:in `call'
railties (6.0.1) lib/rails/rack/logger.rb:38:in `call_app'
railties (6.0.1) lib/rails/rack/logger.rb:26:in `block in call'
activesupport (6.0.1) lib/active_support/tagged_logging.rb:80:in `block in tagged'
activesupport (6.0.1) lib/active_support/tagged_logging.rb:28:in `tagged'
activesupport (6.0.1) lib/active_support/tagged_logging.rb:80:in `tagged'
railties (6.0.1) lib/rails/rack/logger.rb:26:in `call'
sprockets-rails (3.2.1) lib/sprockets/rails/quiet_assets.rb:13:in `call'
actionpack (6.0.1) lib/action_dispatch/middleware/remote_ip.rb:81:in `call'
actionpack (6.0.1) lib/action_dispatch/middleware/request_id.rb:27:in `call'
rack (2.0.7) lib/rack/method_override.rb:22:in `call'
rack (2.0.7) lib/rack/runtime.rb:22:in `call'
activesupport (6.0.1) lib/active_support/cache/strategy/local_cache_middleware.rb:29:in `call'
actionpack (6.0.1) lib/action_dispatch/middleware/executor.rb:14:in `call'
actionpack (6.0.1) lib/action_dispatch/middleware/static.rb:126:in `call'
rack (2.0.7) lib/rack/sendfile.rb:111:in `call'
actionpack (6.0.1) lib/action_dispatch/middleware/host_authorization.rb:83:in `call'
webpacker (4.2.0) lib/webpacker/dev_server_proxy.rb:23:in `perform_request'
rack-proxy (0.6.5) lib/rack/proxy.rb:57:in `call'
railties (6.0.1) lib/rails/engine.rb:526:in `call'
puma (4.3.0) lib/puma/configuration.rb:228:in `call'
puma (4.3.0) lib/puma/server.rb:667:in `handle_request'
puma (4.3.0) lib/puma/server.rb:470:in `process_client'
puma (4.3.0) lib/puma/server.rb:328:in `block in run'
puma (4.3.0) lib/puma/thread_pool.rb:134:in `block in spawn_thread'
Started GET "/cows" for ::1 at 2019-11-20 14:24:17 -0500
  [1m[35m (0.1ms)[0m  [1m[34mSELECT sqlite_version(*)[0m
Processing by CowsController#index as HTML
Completed 500 Internal Server Error in 2ms (ActiveRecord: 0.0ms | Allocations: 1473)


  
ActionView::MissingTemplate (Missing template cows/other_page, application/other_page with {:locale=>[:en], :formats=>[:html], :variants=>[], :handlers=>[:raw, :erb, :html, :builder, :ruby, :jbuilder]}. Searched in:
  * "/Users/sdoran/Development/code/batches/nyc-web-102819/17-rails-routes-forms-and-params/alien-adoptions/app/views"
  * "/Users/sdoran/.rvm/gems/ruby-2.6.1/gems/actiontext-6.0.1/app/views"
  * "/Users/sdoran/.rvm/gems/ruby-2.6.1/gems/actionmailbox-6.0.1/app/views"
):
  
app/controllers/cows_controller.rb:3:in `index'
Started GET "/cows" for ::1 at 2019-11-20 14:24:34 -0500
  [1m[35m (0.1ms)[0m  [1m[34mSELECT sqlite_version(*)[0m
Processing by CowsController#index as HTML
  Rendering cows/index.html.erb within layouts/application
  Rendered cows/index.html.erb within layouts/application (Duration: 0.0ms | Allocations: 4)
[Webpacker] Everything's up-to-date. Nothing to do
Completed 200 OK in 6ms (Views: 5.1ms | ActiveRecord: 0.0ms | Allocations: 3925)


Started GET "/cows" for ::1 at 2019-11-20 14:40:26 -0500
  [1m[35m (0.0ms)[0m  [1m[34mSELECT sqlite_version(*)[0m
Processing by CowsController#index as HTML
  Rendering cows/index.html.erb within layouts/application
  Rendered cows/index.html.erb within layouts/application (Duration: 0.3ms | Allocations: 86)
[Webpacker] Everything's up-to-date. Nothing to do
Completed 200 OK in 8ms (Views: 6.8ms | ActiveRecord: 0.0ms | Allocations: 4823)


Started GET "/cows" for ::1 at 2019-11-20 14:41:56 -0500
  [1m[35m (0.1ms)[0m  [1m[34mSELECT sqlite_version(*)[0m
Processing by CowsController#index as HTML
Completed 500 Internal Server Error in 1ms (ActiveRecord: 0.0ms | Allocations: 2125)


  
NameError (uninitialized constant CowsController::Cow):
  
app/controllers/cows_controller.rb:3:in `index'
Started PUT "/__web_console/repl_sessions/4b8556b2bc0b3585b08a3c124c0c8efe" for ::1 at 2019-11-20 14:42:05 -0500
Started PUT "/__web_console/repl_sessions/4b8556b2bc0b3585b08a3c124c0c8efe" for ::1 at 2019-11-20 14:42:06 -0500
Started PUT "/__web_console/repl_sessions/4b8556b2bc0b3585b08a3c124c0c8efe" for ::1 at 2019-11-20 14:42:07 -0500
Started GET "/cows" for ::1 at 2019-11-20 14:43:58 -0500
  [1m[35m (0.1ms)[0m  [1m[34mSELECT sqlite_version(*)[0m
Processing by CowsController#index as HTML
  Rendering cows/index.html.erb within layouts/application
  Rendered cows/index.html.erb within layouts/application (Duration: 0.0ms | Allocations: 4)
[Webpacker] Everything's up-to-date. Nothing to do
Completed 200 OK in 19ms (Views: 6.2ms | ActiveRecord: 0.0ms | Allocations: 7098)


Started GET "/cows" for ::1 at 2019-11-20 14:49:32 -0500
  [1m[35m (0.1ms)[0m  [1m[34mSELECT sqlite_version(*)[0m
  
ActiveRecord::PendingMigrationError (

Migrations are pending. To resolve this issue, run:

        rails db:migrate RAILS_ENV=development

):
  
activerecord (6.0.1) lib/active_record/migration.rb:587:in `check_pending!'
activerecord (6.0.1) lib/active_record/migration.rb:564:in `call'
actionpack (6.0.1) lib/action_dispatch/middleware/callbacks.rb:27:in `block in call'
activesupport (6.0.1) lib/active_support/callbacks.rb:101:in `run_callbacks'
actionpack (6.0.1) lib/action_dispatch/middleware/callbacks.rb:26:in `call'
actionpack (6.0.1) lib/action_dispatch/middleware/executor.rb:14:in `call'
actionpack (6.0.1) lib/action_dispatch/middleware/actionable_exceptions.rb:17:in `call'
actionpack (6.0.1) lib/action_dispatch/middleware/debug_exceptions.rb:32:in `call'
web-console (4.0.1) lib/web_console/middleware.rb:132:in `call_app'
web-console (4.0.1) lib/web_console/middleware.rb:28:in `block in call'
web-console (4.0.1) lib/web_console/middleware.rb:17:in `catch'
web-console (4.0.1) lib/web_console/middleware.rb:17:in `call'
actionpack (6.0.1) lib/action_dispatch/middleware/show_exceptions.rb:33:in `call'
railties (6.0.1) lib/rails/rack/logger.rb:38:in `call_app'
railties (6.0.1) lib/rails/rack/logger.rb:26:in `block in call'
activesupport (6.0.1) lib/active_support/tagged_logging.rb:80:in `block in tagged'
activesupport (6.0.1) lib/active_support/tagged_logging.rb:28:in `tagged'
activesupport (6.0.1) lib/active_support/tagged_logging.rb:80:in `tagged'
railties (6.0.1) lib/rails/rack/logger.rb:26:in `call'
sprockets-rails (3.2.1) lib/sprockets/rails/quiet_assets.rb:13:in `call'
actionpack (6.0.1) lib/action_dispatch/middleware/remote_ip.rb:81:in `call'
actionpack (6.0.1) lib/action_dispatch/middleware/request_id.rb:27:in `call'
rack (2.0.7) lib/rack/method_override.rb:22:in `call'
rack (2.0.7) lib/rack/runtime.rb:22:in `call'
activesupport (6.0.1) lib/active_support/cache/strategy/local_cache_middleware.rb:29:in `call'
actionpack (6.0.1) lib/action_dispatch/middleware/executor.rb:14:in `call'
actionpack (6.0.1) lib/action_dispatch/middleware/static.rb:126:in `call'
rack (2.0.7) lib/rack/sendfile.rb:111:in `call'
actionpack (6.0.1) lib/action_dispatch/middleware/host_authorization.rb:83:in `call'
webpacker (4.2.0) lib/webpacker/dev_server_proxy.rb:23:in `perform_request'
rack-proxy (0.6.5) lib/rack/proxy.rb:57:in `call'
railties (6.0.1) lib/rails/engine.rb:526:in `call'
puma (4.3.0) lib/puma/configuration.rb:228:in `call'
puma (4.3.0) lib/puma/server.rb:667:in `handle_request'
puma (4.3.0) lib/puma/server.rb:470:in `process_client'
puma (4.3.0) lib/puma/server.rb:328:in `block in run'
puma (4.3.0) lib/puma/thread_pool.rb:134:in `block in spawn_thread'
  [1m[35m (0.4ms)[0m  [1m[34mSELECT sqlite_version(*)[0m
  [1m[35m (1.4ms)[0m  [1m[35mCREATE TABLE "schema_migrations" ("version" varchar NOT NULL PRIMARY KEY)[0m
  [1m[35m (0.9ms)[0m  [1m[35mCREATE TABLE "ar_internal_metadata" ("key" varchar NOT NULL PRIMARY KEY, "value" varchar, "created_at" datetime(6) NOT NULL, "updated_at" datetime(6) NOT NULL)[0m
  [1m[35m (0.1ms)[0m  [1m[34mSELECT "schema_migrations"."version" FROM "schema_migrations" ORDER BY "schema_migrations"."version" ASC[0m
Migrating to CreateCows (20191120194711)
  [1m[35m (0.0ms)[0m  [1m[36mbegin transaction[0m
  [1m[35m (0.6ms)[0m  [1m[35mCREATE TABLE "cows" ("id" integer PRIMARY KEY AUTOINCREMENT NOT NULL, "name" varchar, "number_of_spots" integer, "age" integer, "created_at" datetime(6) NOT NULL, "updated_at" datetime(6) NOT NULL)[0m
  [1m[36mprimary::SchemaMigration Create (0.1ms)[0m  [1m[32mINSERT INTO "schema_migrations" ("version") VALUES (?)[0m  [["version", "20191120194711"]]
  [1m[35m (0.6ms)[0m  [1m[36mcommit transaction[0m
  [1m[36mActiveRecord::InternalMetadata Load (0.1ms)[0m  [1m[34mSELECT "ar_internal_metadata".* FROM "ar_internal_metadata" WHERE "ar_internal_metadata"."key" = ? LIMIT ?[0m  [["key", "environment"], ["LIMIT", 1]]
  [1m[35m (0.0ms)[0m  [1m[36mbegin transaction[0m
  [1m[36mActiveRecord::InternalMetadata Create (0.3ms)[0m  [1m[32mINSERT INTO "ar_internal_metadata" ("key", "value", "created_at", "updated_at") VALUES (?, ?, ?, ?)[0m  [["key", "environment"], ["value", "development"], ["created_at", "2019-11-20 19:50:50.635831"], ["updated_at", "2019-11-20 19:50:50.635831"]]
  [1m[35m (0.6ms)[0m  [1m[36mcommit transaction[0m
  [1m[35m (0.0ms)[0m  [1m[34mSELECT sqlite_version(*)[0m
  [1m[35m (0.1ms)[0m  [1m[34mSELECT "schema_migrations"."version" FROM "schema_migrations" ORDER BY "schema_migrations"."version" ASC[0m
Started GET "/cows" for ::1 at 2019-11-20 14:50:56 -0500
  [1m[35m (0.0ms)[0m  [1m[34mSELECT sqlite_version(*)[0m
  [1m[35m (0.1ms)[0m  [1m[34mSELECT "schema_migrations"."version" FROM "schema_migrations" ORDER BY "schema_migrations"."version" ASC[0m
Processing by CowsController#index as HTML
  Rendering cows/index.html.erb within layouts/application
  Rendered cows/index.html.erb within layouts/application (Duration: 0.0ms | Allocations: 4)
[Webpacker] Everything's up-to-date. Nothing to do
Completed 200 OK in 7ms (Views: 5.5ms | ActiveRecord: 0.0ms | Allocations: 4264)


  [1m[35m (0.4ms)[0m  [1m[34mSELECT sqlite_version(*)[0m
  [1m[36mCow Load (0.1ms)[0m  [1m[34mSELECT "cows".* FROM "cows" LIMIT ?[0m  [["LIMIT", 11]]
  [1m[35m (0.1ms)[0m  [1m[36mbegin transaction[0m
  [1m[36mCow Create (0.6ms)[0m  [1m[32mINSERT INTO "cows" ("name", "number_of_spots", "age", "created_at", "updated_at") VALUES (?, ?, ?, ?, ?)[0m  [["name", "Betsy"], ["number_of_spots", 2], ["age", 15], ["created_at", "2019-11-20 19:51:46.856804"], ["updated_at", "2019-11-20 19:51:46.856804"]]
  [1m[35m (1.2ms)[0m  [1m[36mcommit transaction[0m
Started GET "/cows" for ::1 at 2019-11-20 14:51:49 -0500
Processing by CowsController#index as HTML
  Rendering cows/index.html.erb within layouts/application
  Rendered cows/index.html.erb within layouts/application (Duration: 0.1ms | Allocations: 4)
[Webpacker] Everything's up-to-date. Nothing to do
Completed 200 OK in 9ms (Views: 8.3ms | ActiveRecord: 0.0ms | Allocations: 3812)


  [1m[35m (0.3ms)[0m  [1m[34mSELECT sqlite_version(*)[0m
  [1m[35m (0.1ms)[0m  [1m[34mSELECT "schema_migrations"."version" FROM "schema_migrations" ORDER BY "schema_migrations"."version" ASC[0m
  [1m[35m (0.0ms)[0m  [1m[34mSELECT sqlite_version(*)[0m
  [1m[36mCow Load (0.1ms)[0m  [1m[34mSELECT "cows".* FROM "cows"[0m
  [1m[35m (0.0ms)[0m  [1m[36mbegin transaction[0m
  [1m[36mCow Destroy (0.3ms)[0m  [1m[31mDELETE FROM "cows" WHERE "cows"."id" = ?[0m  [["id", 1]]
  [1m[35m (0.6ms)[0m  [1m[36mcommit transaction[0m
  [1m[35m (0.0ms)[0m  [1m[36mbegin transaction[0m
  [1m[36mCow Create (0.3ms)[0m  [1m[32mINSERT INTO "cows" ("name", "number_of_spots", "age", "created_at", "updated_at") VALUES (?, ?, ?, ?, ?)[0m  [["name", "Tara"], ["number_of_spots", 28], ["age", 4], ["created_at", "2019-11-20 19:58:40.410027"], ["updated_at", "2019-11-20 19:58:40.410027"]]
  [1m[35m (0.8ms)[0m  [1m[36mcommit transaction[0m
  [1m[35m (0.0ms)[0m  [1m[36mbegin transaction[0m
  [1m[36mCow Create (0.3ms)[0m  [1m[32mINSERT INTO "cows" ("name", "number_of_spots", "age", "created_at", "updated_at") VALUES (?, ?, ?, ?, ?)[0m  [["name", "Coleman"], ["number_of_spots", 62], ["age", 17], ["created_at", "2019-11-20 19:58:40.413657"], ["updated_at", "2019-11-20 19:58:40.413657"]]
  [1m[35m (0.8ms)[0m  [1m[36mcommit transaction[0m
  [1m[35m (0.0ms)[0m  [1m[36mbegin transaction[0m
  [1m[36mCow Create (0.3ms)[0m  [1m[32mINSERT INTO "cows" ("name", "number_of_spots", "age", "created_at", "updated_at") VALUES (?, ?, ?, ?, ?)[0m  [["name", "Rudolf"], ["number_of_spots", 74], ["age", 13], ["created_at", "2019-11-20 19:58:40.417263"], ["updated_at", "2019-11-20 19:58:40.417263"]]
  [1m[35m (0.7ms)[0m  [1m[36mcommit transaction[0m
  [1m[35m (0.0ms)[0m  [1m[36mbegin transaction[0m
  [1m[36mCow Create (0.2ms)[0m  [1m[32mINSERT INTO "cows" ("name", "number_of_spots", "age", "created_at", "updated_at") VALUES (?, ?, ?, ?, ?)[0m  [["name", "Darius"], ["number_of_spots", 49], ["age", 8], ["created_at", "2019-11-20 19:58:40.420742"], ["updated_at", "2019-11-20 19:58:40.420742"]]
  [1m[35m (0.6ms)[0m  [1m[36mcommit transaction[0m
  [1m[35m (0.0ms)[0m  [1m[36mbegin transaction[0m
  [1m[36mCow Create (0.2ms)[0m  [1m[32mINSERT INTO "cows" ("name", "number_of_spots", "age", "created_at", "updated_at") VALUES (?, ?, ?, ?, ?)[0m  [["name", "Anastacia"], ["number_of_spots", 8], ["age", 9], ["created_at", "2019-11-20 19:58:40.423717"], ["updated_at", "2019-11-20 19:58:40.423717"]]
  [1m[35m (0.8ms)[0m  [1m[36mcommit transaction[0m
  [1m[35m (0.1ms)[0m  [1m[36mbegin transaction[0m
  [1m[36mCow Create (0.3ms)[0m  [1m[32mINSERT INTO "cows" ("name", "number_of_spots", "age", "created_at", "updated_at") VALUES (?, ?, ?, ?, ?)[0m  [["name", "Viva"], ["number_of_spots", 2], ["age", 9], ["created_at", "2019-11-20 19:58:40.427227"], ["updated_at", "2019-11-20 19:58:40.427227"]]
  [1m[35m (0.6ms)[0m  [1m[36mcommit transaction[0m
  [1m[35m (0.0ms)[0m  [1m[36mbegin transaction[0m
  [1m[36mCow Create (0.2ms)[0m  [1m[32mINSERT INTO "cows" ("name", "number_of_spots", "age", "created_at", "updated_at") VALUES (?, ?, ?, ?, ?)[0m  [["name", "Audrea"], ["number_of_spots", 57], ["age", 13], ["created_at", "2019-11-20 19:58:40.430420"], ["updated_at", "2019-11-20 19:58:40.430420"]]
  [1m[35m (0.4ms)[0m  [1m[36mcommit transaction[0m
  [1m[35m (0.0ms)[0m  [1m[36mbegin transaction[0m
  [1m[36mCow Create (0.2ms)[0m  [1m[32mINSERT INTO "cows" ("name", "number_of_spots", "age", "created_at", "updated_at") VALUES (?, ?, ?, ?, ?)[0m  [["name", "Mariette"], ["number_of_spots", 24], ["age", 17], ["created_at", "2019-11-20 19:58:40.433149"], ["updated_at", "2019-11-20 19:58:40.433149"]]
  [1m[35m (0.5ms)[0m  [1m[36mcommit transaction[0m
  [1m[35m (0.0ms)[0m  [1m[36mbegin transaction[0m
  [1m[36mCow Create (0.2ms)[0m  [1m[32mINSERT INTO "cows" ("name", "number_of_spots", "age", "created_at", "updated_at") VALUES (?, ?, ?, ?, ?)[0m  [["name", "Chastity"], ["number_of_spots", 75], ["age", 15], ["created_at", "2019-11-20 19:58:40.435965"], ["updated_at", "2019-11-20 19:58:40.435965"]]
  [1m[35m (0.5ms)[0m  [1m[36mcommit transaction[0m
  [1m[35m (0.0ms)[0m  [1m[36mbegin transaction[0m
  [1m[36mCow Create (0.2ms)[0m  [1m[32mINSERT INTO "cows" ("name", "number_of_spots", "age", "created_at", "updated_at") VALUES (?, ?, ?, ?, ?)[0m  [["name", "Genevie"], ["number_of_spots", 72], ["age", 10], ["created_at", "2019-11-20 19:58:40.438646"], ["updated_at", "2019-11-20 19:58:40.438646"]]
  [1m[35m (0.5ms)[0m  [1m[36mcommit transaction[0m
  [1m[35m (0.0ms)[0m  [1m[36mbegin transaction[0m
  [1m[36mCow Create (0.2ms)[0m  [1m[32mINSERT INTO "cows" ("name", "number_of_spots", "age", "created_at", "updated_at") VALUES (?, ?, ?, ?, ?)[0m  [["name", "Timika"], ["number_of_spots", 32], ["age", 0], ["created_at", "2019-11-20 19:58:40.441247"], ["updated_at", "2019-11-20 19:58:40.441247"]]
  [1m[35m (0.6ms)[0m  [1m[36mcommit transaction[0m
  [1m[35m (0.0ms)[0m  [1m[36mbegin transaction[0m
  [1m[36mCow Create (0.2ms)[0m  [1m[32mINSERT INTO "cows" ("name", "number_of_spots", "age", "created_at", "updated_at") VALUES (?, ?, ?, ?, ?)[0m  [["name", "Cecil"], ["number_of_spots", 4], ["age", 5], ["created_at", "2019-11-20 19:58:40.444045"], ["updated_at", "2019-11-20 19:58:40.444045"]]
  [1m[35m (0.4ms)[0m  [1m[36mcommit transaction[0m
  [1m[35m (0.0ms)[0m  [1m[36mbegin transaction[0m
  [1m[36mCow Create (0.2ms)[0m  [1m[32mINSERT INTO "cows" ("name", "number_of_spots", "age", "created_at", "updated_at") VALUES (?, ?, ?, ?, ?)[0m  [["name", "Savanna"], ["number_of_spots", 86], ["age", 18], ["created_at", "2019-11-20 19:58:40.446642"], ["updated_at", "2019-11-20 19:58:40.446642"]]
  [1m[35m (0.5ms)[0m  [1m[36mcommit transaction[0m
  [1m[35m (0.0ms)[0m  [1m[36mbegin transaction[0m
  [1m[36mCow Create (0.2ms)[0m  [1m[32mINSERT INTO "cows" ("name", "number_of_spots", "age", "created_at", "updated_at") VALUES (?, ?, ?, ?, ?)[0m  [["name", "Elinor"], ["number_of_spots", 51], ["age", 19], ["created_at", "2019-11-20 19:58:40.449471"], ["updated_at", "2019-11-20 19:58:40.449471"]]
  [1m[35m (0.5ms)[0m  [1m[36mcommit transaction[0m
  [1m[35m (0.0ms)[0m  [1m[36mbegin transaction[0m
  [1m[36mCow Create (0.2ms)[0m  [1m[32mINSERT INTO "cows" ("name", "number_of_spots", "age", "created_at", "updated_at") VALUES (?, ?, ?, ?, ?)[0m  [["name", "Alfredo"], ["number_of_spots", 58], ["age", 16], ["created_at", "2019-11-20 19:58:40.452282"], ["updated_at", "2019-11-20 19:58:40.452282"]]
  [1m[35m (0.6ms)[0m  [1m[36mcommit transaction[0m
  [1m[35m (0.0ms)[0m  [1m[36mbegin transaction[0m
  [1m[36mCow Create (0.2ms)[0m  [1m[32mINSERT INTO "cows" ("name", "number_of_spots", "age", "created_at", "updated_at") VALUES (?, ?, ?, ?, ?)[0m  [["name", "Yessenia"], ["number_of_spots", 52], ["age", 17], ["created_at", "2019-11-20 19:58:40.454954"], ["updated_at", "2019-11-20 19:58:40.454954"]]
  [1m[35m (0.6ms)[0m  [1m[36mcommit transaction[0m
  [1m[35m (0.0ms)[0m  [1m[36mbegin transaction[0m
  [1m[36mCow Create (0.3ms)[0m  [1m[32mINSERT INTO "cows" ("name", "number_of_spots", "age", "created_at", "updated_at") VALUES (?, ?, ?, ?, ?)[0m  [["name", "Gustavo"], ["number_of_spots", 16], ["age", 10], ["created_at", "2019-11-20 19:58:40.460930"], ["updated_at", "2019-11-20 19:58:40.460930"]]
  [1m[35m (0.7ms)[0m  [1m[36mcommit transaction[0m
  [1m[35m (0.3ms)[0m  [1m[34mSELECT sqlite_version(*)[0m
  [1m[35m (0.1ms)[0m  [1m[34mSELECT "schema_migrations"."version" FROM "schema_migrations" ORDER BY "schema_migrations"."version" ASC[0m
  [1m[35m (0.1ms)[0m  [1m[34mSELECT sqlite_version(*)[0m
  [1m[36mCow Load (0.2ms)[0m  [1m[34mSELECT "cows".* FROM "cows"[0m
  [1m[35m (0.1ms)[0m  [1m[36mbegin transaction[0m
  [1m[36mCow Destroy (0.4ms)[0m  [1m[31mDELETE FROM "cows" WHERE "cows"."id" = ?[0m  [["id", 2]]
  [1m[35m (0.6ms)[0m  [1m[36mcommit transaction[0m
  [1m[35m (0.0ms)[0m  [1m[36mbegin transaction[0m
  [1m[36mCow Destroy (0.2ms)[0m  [1m[31mDELETE FROM "cows" WHERE "cows"."id" = ?[0m  [["id", 3]]
  [1m[35m (0.6ms)[0m  [1m[36mcommit transaction[0m
  [1m[35m (0.0ms)[0m  [1m[36mbegin transaction[0m
  [1m[36mCow Destroy (0.2ms)[0m  [1m[31mDELETE FROM "cows" WHERE "cows"."id" = ?[0m  [["id", 4]]
  [1m[35m (0.8ms)[0m  [1m[36mcommit transaction[0m
  [1m[35m (0.0ms)[0m  [1m[36mbegin transaction[0m
  [1m[36mCow Destroy (0.4ms)[0m  [1m[31mDELETE FROM "cows" WHERE "cows"."id" = ?[0m  [["id", 5]]
  [1m[35m (0.7ms)[0m  [1m[36mcommit transaction[0m
  [1m[35m (0.0ms)[0m  [1m[36mbegin transaction[0m
  [1m[36mCow Destroy (0.2ms)[0m  [1m[31mDELETE FROM "cows" WHERE "cows"."id" = ?[0m  [["id", 6]]
  [1m[35m (0.8ms)[0m  [1m[36mcommit transaction[0m
  [1m[35m (0.0ms)[0m  [1m[36mbegin transaction[0m
  [1m[36mCow Destroy (0.2ms)[0m  [1m[31mDELETE FROM "cows" WHERE "cows"."id" = ?[0m  [["id", 7]]
  [1m[35m (0.5ms)[0m  [1m[36mcommit transaction[0m
  [1m[35m (0.1ms)[0m  [1m[36mbegin transaction[0m
  [1m[36mCow Destroy (0.2ms)[0m  [1m[31mDELETE FROM "cows" WHERE "cows"."id" = ?[0m  [["id", 8]]
  [1m[35m (1.0ms)[0m  [1m[36mcommit transaction[0m
  [1m[35m (0.0ms)[0m  [1m[36mbegin transaction[0m
  [1m[36mCow Destroy (0.4ms)[0m  [1m[31mDELETE FROM "cows" WHERE "cows"."id" = ?[0m  [["id", 9]]
  [1m[35m (0.7ms)[0m  [1m[36mcommit transaction[0m
  [1m[35m (0.0ms)[0m  [1m[36mbegin transaction[0m
  [1m[36mCow Destroy (0.2ms)[0m  [1m[31mDELETE FROM "cows" WHERE "cows"."id" = ?[0m  [["id", 10]]
  [1m[35m (0.7ms)[0m  [1m[36mcommit transaction[0m
  [1m[35m (0.0ms)[0m  [1m[36mbegin transaction[0m
  [1m[36mCow Destroy (0.2ms)[0m  [1m[31mDELETE FROM "cows" WHERE "cows"."id" = ?[0m  [["id", 11]]
  [1m[35m (0.6ms)[0m  [1m[36mcommit transaction[0m
  [1m[35m (0.0ms)[0m  [1m[36mbegin transaction[0m
  [1m[36mCow Destroy (0.2ms)[0m  [1m[31mDELETE FROM "cows" WHERE "cows"."id" = ?[0m  [["id", 12]]
  [1m[35m (0.6ms)[0m  [1m[36mcommit transaction[0m
  [1m[35m (0.0ms)[0m  [1m[36mbegin transaction[0m
  [1m[36mCow Destroy (0.2ms)[0m  [1m[31mDELETE FROM "cows" WHERE "cows"."id" = ?[0m  [["id", 13]]
  [1m[35m (0.6ms)[0m  [1m[36mcommit transaction[0m
  [1m[35m (0.0ms)[0m  [1m[36mbegin transaction[0m
  [1m[36mCow Destroy (0.3ms)[0m  [1m[31mDELETE FROM "cows" WHERE "cows"."id" = ?[0m  [["id", 14]]
  [1m[35m (0.7ms)[0m  [1m[36mcommit transaction[0m
  [1m[35m (0.0ms)[0m  [1m[36mbegin transaction[0m
  [1m[36mCow Destroy (0.3ms)[0m  [1m[31mDELETE FROM "cows" WHERE "cows"."id" = ?[0m  [["id", 15]]
  [1m[35m (0.6ms)[0m  [1m[36mcommit transaction[0m
  [1m[35m (0.0ms)[0m  [1m[36mbegin transaction[0m
  [1m[36mCow Destroy (0.2ms)[0m  [1m[31mDELETE FROM "cows" WHERE "cows"."id" = ?[0m  [["id", 16]]
  [1m[35m (0.6ms)[0m  [1m[36mcommit transaction[0m
  [1m[35m (0.0ms)[0m  [1m[36mbegin transaction[0m
  [1m[36mCow Destroy (0.2ms)[0m  [1m[31mDELETE FROM "cows" WHERE "cows"."id" = ?[0m  [["id", 17]]
  [1m[35m (0.7ms)[0m  [1m[36mcommit transaction[0m
  [1m[35m (0.0ms)[0m  [1m[36mbegin transaction[0m
  [1m[36mCow Destroy (0.2ms)[0m  [1m[31mDELETE FROM "cows" WHERE "cows"."id" = ?[0m  [["id", 18]]
  [1m[35m (0.6ms)[0m  [1m[36mcommit transaction[0m
  [1m[35m (0.0ms)[0m  [1m[36mbegin transaction[0m
  [1m[36mCow Create (0.3ms)[0m  [1m[32mINSERT INTO "cows" ("name", "number_of_spots", "age", "created_at", "updated_at") VALUES (?, ?, ?, ?, ?)[0m  [["name", "Sammie"], ["number_of_spots", 8], ["age", 5], ["created_at", "2019-11-20 19:59:03.257434"], ["updated_at", "2019-11-20 19:59:03.257434"]]
  [1m[35m (1.0ms)[0m  [1m[36mcommit transaction[0m
  [1m[35m (0.0ms)[0m  [1m[36mbegin transaction[0m
  [1m[36mCow Create (0.5ms)[0m  [1m[32mINSERT INTO "cows" ("name", "number_of_spots", "age", "created_at", "updated_at") VALUES (?, ?, ?, ?, ?)[0m  [["name", "Margie"], ["number_of_spots", 3], ["age", 0], ["created_at", "2019-11-20 19:59:03.261847"], ["updated_at", "2019-11-20 19:59:03.261847"]]
  [1m[35m (0.6ms)[0m  [1m[36mcommit transaction[0m
  [1m[35m (0.0ms)[0m  [1m[36mbegin transaction[0m
  [1m[36mCow Create (0.3ms)[0m  [1m[32mINSERT INTO "cows" ("name", "number_of_spots", "age", "created_at", "updated_at") VALUES (?, ?, ?, ?, ?)[0m  [["name", "Jess"], ["number_of_spots", 26], ["age", 12], ["created_at", "2019-11-20 19:59:03.265554"], ["updated_at", "2019-11-20 19:59:03.265554"]]
  [1m[35m (0.5ms)[0m  [1m[36mcommit transaction[0m
  [1m[35m (0.0ms)[0m  [1m[36mbegin transaction[0m
  [1m[36mCow Create (0.2ms)[0m  [1m[32mINSERT INTO "cows" ("name", "number_of_spots", "age", "created_at", "updated_at") VALUES (?, ?, ?, ?, ?)[0m  [["name", "Gregg"], ["number_of_spots", 51], ["age", 8], ["created_at", "2019-11-20 19:59:03.268481"], ["updated_at", "2019-11-20 19:59:03.268481"]]
  [1m[35m (0.4ms)[0m  [1m[36mcommit transaction[0m
  [1m[35m (0.0ms)[0m  [1m[36mbegin transaction[0m
  [1m[36mCow Create (0.2ms)[0m  [1m[32mINSERT INTO "cows" ("name", "number_of_spots", "age", "created_at", "updated_at") VALUES (?, ?, ?, ?, ?)[0m  [["name", "Marylyn"], ["number_of_spots", 59], ["age", 11], ["created_at", "2019-11-20 19:59:03.271223"], ["updated_at", "2019-11-20 19:59:03.271223"]]
  [1m[35m (0.6ms)[0m  [1m[36mcommit transaction[0m
  [1m[35m (0.0ms)[0m  [1m[36mbegin transaction[0m
  [1m[36mCow Create (0.3ms)[0m  [1m[32mINSERT INTO "cows" ("name", "number_of_spots", "age", "created_at", "updated_at") VALUES (?, ?, ?, ?, ?)[0m  [["name", "Sharice"], ["number_of_spots", 55], ["age", 1], ["created_at", "2019-11-20 19:59:03.274354"], ["updated_at", "2019-11-20 19:59:03.274354"]]
  [1m[35m (0.5ms)[0m  [1m[36mcommit transaction[0m
  [1m[35m (0.0ms)[0m  [1m[36mbegin transaction[0m
  [1m[36mCow Create (0.2ms)[0m  [1m[32mINSERT INTO "cows" ("name", "number_of_spots", "age", "created_at", "updated_at") VALUES (?, ?, ?, ?, ?)[0m  [["name", "Mozella"], ["number_of_spots", 19], ["age", 12], ["created_at", "2019-11-20 19:59:03.277041"], ["updated_at", "2019-11-20 19:59:03.277041"]]
  [1m[35m (0.5ms)[0m  [1m[36mcommit transaction[0m
  [1m[35m (0.0ms)[0m  [1m[36mbegin transaction[0m
  [1m[36mCow Create (0.2ms)[0m  [1m[32mINSERT INTO "cows" ("name", "number_of_spots", "age", "created_at", "updated_at") VALUES (?, ?, ?, ?, ?)[0m  [["name", "Ellamae"], ["number_of_spots", 79], ["age", 18], ["created_at", "2019-11-20 19:59:03.279536"], ["updated_at", "2019-11-20 19:59:03.279536"]]
  [1m[35m (0.6ms)[0m  [1m[36mcommit transaction[0m
  [1m[35m (0.0ms)[0m  [1m[36mbegin transaction[0m
  [1m[36mCow Create (0.2ms)[0m  [1m[32mINSERT INTO "cows" ("name", "number_of_spots", "age", "created_at", "updated_at") VALUES (?, ?, ?, ?, ?)[0m  [["name", "Pamela"], ["number_of_spots", 27], ["age", 7], ["created_at", "2019-11-20 19:59:03.282142"], ["updated_at", "2019-11-20 19:59:03.282142"]]
  [1m[35m (0.5ms)[0m  [1m[36mcommit transaction[0m
  [1m[35m (0.0ms)[0m  [1m[36mbegin transaction[0m
  [1m[36mCow Create (0.2ms)[0m  [1m[32mINSERT INTO "cows" ("name", "number_of_spots", "age", "created_at", "updated_at") VALUES (?, ?, ?, ?, ?)[0m  [["name", "Filiberto"], ["number_of_spots", 32], ["age", 4], ["created_at", "2019-11-20 19:59:03.284845"], ["updated_at", "2019-11-20 19:59:03.284845"]]
  [1m[35m (0.5ms)[0m  [1m[36mcommit transaction[0m
  [1m[35m (0.0ms)[0m  [1m[36mbegin transaction[0m
  [1m[36mCow Create (0.2ms)[0m  [1m[32mINSERT INTO "cows" ("name", "number_of_spots", "age", "created_at", "updated_at") VALUES (?, ?, ?, ?, ?)[0m  [["name", "Irving"], ["number_of_spots", 54], ["age", 19], ["created_at", "2019-11-20 19:59:03.287721"], ["updated_at", "2019-11-20 19:59:03.287721"]]
  [1m[35m (0.5ms)[0m  [1m[36mcommit transaction[0m
  [1m[35m (0.0ms)[0m  [1m[36mbegin transaction[0m
  [1m[36mCow Create (0.2ms)[0m  [1m[32mINSERT INTO "cows" ("name", "number_of_spots", "age", "created_at", "updated_at") VALUES (?, ?, ?, ?, ?)[0m  [["name", "Jared"], ["number_of_spots", 57], ["age", 14], ["created_at", "2019-11-20 19:59:03.290391"], ["updated_at", "2019-11-20 19:59:03.290391"]]
  [1m[35m (0.7ms)[0m  [1m[36mcommit transaction[0m
  [1m[35m (0.0ms)[0m  [1m[36mbegin transaction[0m
  [1m[36mCow Create (0.2ms)[0m  [1m[32mINSERT INTO "cows" ("name", "number_of_spots", "age", "created_at", "updated_at") VALUES (?, ?, ?, ?, ?)[0m  [["name", "Isreal"], ["number_of_spots", 17], ["age", 13], ["created_at", "2019-11-20 19:59:03.293422"], ["updated_at", "2019-11-20 19:59:03.293422"]]
  [1m[35m (0.6ms)[0m  [1m[36mcommit transaction[0m
  [1m[35m (0.0ms)[0m  [1m[36mbegin transaction[0m
  [1m[36mCow Create (0.2ms)[0m  [1m[32mINSERT INTO "cows" ("name", "number_of_spots", "age", "created_at", "updated_at") VALUES (?, ?, ?, ?, ?)[0m  [["name", "Bernadette"], ["number_of_spots", 21], ["age", 10], ["created_at", "2019-11-20 19:59:03.296494"], ["updated_at", "2019-11-20 19:59:03.296494"]]
  [1m[35m (0.6ms)[0m  [1m[36mcommit transaction[0m
  [1m[35m (0.0ms)[0m  [1m[36mbegin transaction[0m
  [1m[36mCow Create (0.2ms)[0m  [1m[32mINSERT INTO "cows" ("name", "number_of_spots", "age", "created_at", "updated_at") VALUES (?, ?, ?, ?, ?)[0m  [["name", "Oda"], ["number_of_spots", 29], ["age", 17], ["created_at", "2019-11-20 19:59:03.299297"], ["updated_at", "2019-11-20 19:59:03.299297"]]
  [1m[35m (0.7ms)[0m  [1m[36mcommit transaction[0m
  [1m[35m (0.0ms)[0m  [1m[36mbegin transaction[0m
  [1m[36mCow Create (0.2ms)[0m  [1m[32mINSERT INTO "cows" ("name", "number_of_spots", "age", "created_at", "updated_at") VALUES (?, ?, ?, ?, ?)[0m  [["name", "Kallie"], ["number_of_spots", 66], ["age", 7], ["created_at", "2019-11-20 19:59:03.302194"], ["updated_at", "2019-11-20 19:59:03.302194"]]
  [1m[35m (0.7ms)[0m  [1m[36mcommit transaction[0m
  [1m[35m (0.0ms)[0m  [1m[36mbegin transaction[0m
  [1m[36mCow Create (0.2ms)[0m  [1m[32mINSERT INTO "cows" ("name", "number_of_spots", "age", "created_at", "updated_at") VALUES (?, ?, ?, ?, ?)[0m  [["name", "Sindy"], ["number_of_spots", 6], ["age", 5], ["created_at", "2019-11-20 19:59:03.305212"], ["updated_at", "2019-11-20 19:59:03.305212"]]
  [1m[35m (0.6ms)[0m  [1m[36mcommit transaction[0m
  [1m[35m (0.4ms)[0m  [1m[34mSELECT sqlite_version(*)[0m
  [1m[36mCow Load (0.1ms)[0m  [1m[34mSELECT "cows".* FROM "cows" ORDER BY "cows"."id" ASC LIMIT ?[0m  [["LIMIT", 1]]
  [1m[36mCow Load (0.3ms)[0m  [1m[34mSELECT "cows".* FROM "cows" ORDER BY "cows"."id" DESC LIMIT ?[0m  [["LIMIT", 1]]
  [1m[36mCow Load (0.2ms)[0m  [1m[34mSELECT "cows".* FROM "cows" LIMIT ?[0m  [["LIMIT", 11]]
  [1m[35m (0.2ms)[0m  [1m[34mSELECT "cows"."number_of_spots" FROM "cows"[0m
  [1m[35m (0.3ms)[0m  [1m[34mSELECT COUNT(*) FROM "cows"[0m
  [1m[35m (0.3ms)[0m  [1m[34mSELECT "cows"."name" FROM "cows"[0m
Started GET "/cows" for ::1 at 2019-11-20 15:04:17 -0500
  [1m[35m (0.1ms)[0m  [1m[34mSELECT sqlite_version(*)[0m
Processing by CowsController#index as HTML
  Rendering cows/index.html.erb within layouts/application
  [1m[36mCow Load (0.2ms)[0m  [1m[34mSELECT "cows".* FROM "cows"[0m
  ↳ app/views/cows/index.html.erb:3
  Rendered cows/index.html.erb within layouts/application (Duration: 6.3ms | Allocations: 5211)
[Webpacker] Everything's up-to-date. Nothing to do
Completed 200 OK in 15ms (Views: 12.8ms | ActiveRecord: 0.8ms | Allocations: 9958)


Started GET "/cows" for ::1 at 2019-11-20 15:04:23 -0500
Processing by CowsController#index as HTML
  Rendering cows/index.html.erb within layouts/application
  [1m[36mCow Load (0.2ms)[0m  [1m[34mSELECT "cows".* FROM "cows"[0m
  ↳ app/views/cows/index.html.erb:3
  Rendered cows/index.html.erb within layouts/application (Duration: 2.8ms | Allocations: 1051)
[Webpacker] Everything's up-to-date. Nothing to do
Completed 200 OK in 14ms (Views: 11.9ms | ActiveRecord: 0.2ms | Allocations: 5784)


Started GET "/cows" for ::1 at 2019-11-20 15:04:28 -0500
Processing by CowsController#index as HTML
  Rendering cows/index.html.erb within layouts/application
  [1m[36mCow Load (0.2ms)[0m  [1m[34mSELECT "cows".* FROM "cows"[0m
  ↳ app/views/cows/index.html.erb:3
  Rendered cows/index.html.erb within layouts/application (Duration: 1.9ms | Allocations: 890)
[Webpacker] Everything's up-to-date. Nothing to do
Completed 200 OK in 10ms (Views: 9.0ms | ActiveRecord: 0.2ms | Allocations: 4703)


Started GET "/cows" for ::1 at 2019-11-20 15:04:33 -0500
Processing by CowsController#index as HTML
  Rendering cows/index.html.erb within layouts/application
  [1m[36mCow Load (0.2ms)[0m  [1m[34mSELECT "cows".* FROM "cows"[0m
  ↳ app/views/cows/index.html.erb:3
  Rendered cows/index.html.erb within layouts/application (Duration: 2.2ms | Allocations: 1051)
[Webpacker] Everything's up-to-date. Nothing to do
Completed 200 OK in 12ms (Views: 10.0ms | ActiveRecord: 0.2ms | Allocations: 5787)


Started GET "/cows/new" for ::1 at 2019-11-20 15:05:28 -0500
  
ActionController::RoutingError (No route matches [GET] "/cows/new"):
  
actionpack (6.0.1) lib/action_dispatch/middleware/debug_exceptions.rb:36:in `call'
web-console (4.0.1) lib/web_console/middleware.rb:132:in `call_app'
web-console (4.0.1) lib/web_console/middleware.rb:28:in `block in call'
web-console (4.0.1) lib/web_console/middleware.rb:17:in `catch'
web-console (4.0.1) lib/web_console/middleware.rb:17:in `call'
actionpack (6.0.1) lib/action_dispatch/middleware/show_exceptions.rb:33:in `call'
railties (6.0.1) lib/rails/rack/logger.rb:38:in `call_app'
railties (6.0.1) lib/rails/rack/logger.rb:26:in `block in call'
activesupport (6.0.1) lib/active_support/tagged_logging.rb:80:in `block in tagged'
activesupport (6.0.1) lib/active_support/tagged_logging.rb:28:in `tagged'
activesupport (6.0.1) lib/active_support/tagged_logging.rb:80:in `tagged'
railties (6.0.1) lib/rails/rack/logger.rb:26:in `call'
sprockets-rails (3.2.1) lib/sprockets/rails/quiet_assets.rb:13:in `call'
actionpack (6.0.1) lib/action_dispatch/middleware/remote_ip.rb:81:in `call'
actionpack (6.0.1) lib/action_dispatch/middleware/request_id.rb:27:in `call'
rack (2.0.7) lib/rack/method_override.rb:22:in `call'
rack (2.0.7) lib/rack/runtime.rb:22:in `call'
activesupport (6.0.1) lib/active_support/cache/strategy/local_cache_middleware.rb:29:in `call'
actionpack (6.0.1) lib/action_dispatch/middleware/executor.rb:14:in `call'
actionpack (6.0.1) lib/action_dispatch/middleware/static.rb:126:in `call'
rack (2.0.7) lib/rack/sendfile.rb:111:in `call'
actionpack (6.0.1) lib/action_dispatch/middleware/host_authorization.rb:83:in `call'
webpacker (4.2.0) lib/webpacker/dev_server_proxy.rb:23:in `perform_request'
rack-proxy (0.6.5) lib/rack/proxy.rb:57:in `call'
railties (6.0.1) lib/rails/engine.rb:526:in `call'
puma (4.3.0) lib/puma/configuration.rb:228:in `call'
puma (4.3.0) lib/puma/server.rb:667:in `handle_request'
puma (4.3.0) lib/puma/server.rb:470:in `process_client'
puma (4.3.0) lib/puma/server.rb:328:in `block in run'
puma (4.3.0) lib/puma/thread_pool.rb:134:in `block in spawn_thread'
Started GET "/cows/new" for ::1 at 2019-11-20 15:05:55 -0500
  [1m[35m (0.0ms)[0m  [1m[34mSELECT sqlite_version(*)[0m
  
AbstractController::ActionNotFound (The action 'new' could not be found for CowsController):
  
actionpack (6.0.1) lib/abstract_controller/base.rb:131:in `process'
actionview (6.0.1) lib/action_view/rendering.rb:39:in `process'
actionpack (6.0.1) lib/action_controller/metal.rb:191:in `dispatch'
actionpack (6.0.1) lib/action_controller/metal.rb:252:in `dispatch'
actionpack (6.0.1) lib/action_dispatch/routing/route_set.rb:51:in `dispatch'
actionpack (6.0.1) lib/action_dispatch/routing/route_set.rb:33:in `serve'
actionpack (6.0.1) lib/action_dispatch/journey/router.rb:49:in `block in serve'
actionpack (6.0.1) lib/action_dispatch/journey/router.rb:32:in `each'
actionpack (6.0.1) lib/action_dispatch/journey/router.rb:32:in `serve'
actionpack (6.0.1) lib/action_dispatch/routing/route_set.rb:837:in `call'
rack (2.0.7) lib/rack/tempfile_reaper.rb:15:in `call'
rack (2.0.7) lib/rack/etag.rb:25:in `call'
rack (2.0.7) lib/rack/conditional_get.rb:25:in `call'
rack (2.0.7) lib/rack/head.rb:12:in `call'
actionpack (6.0.1) lib/action_dispatch/http/content_security_policy.rb:18:in `call'
rack (2.0.7) lib/rack/session/abstract/id.rb:232:in `context'
rack (2.0.7) lib/rack/session/abstract/id.rb:226:in `call'
actionpack (6.0.1) lib/action_dispatch/middleware/cookies.rb:648:in `call'
activerecord (6.0.1) lib/active_record/migration.rb:567:in `call'
actionpack (6.0.1) lib/action_dispatch/middleware/callbacks.rb:27:in `block in call'
activesupport (6.0.1) lib/active_support/callbacks.rb:101:in `run_callbacks'
actionpack (6.0.1) lib/action_dispatch/middleware/callbacks.rb:26:in `call'
actionpack (6.0.1) lib/action_dispatch/middleware/executor.rb:14:in `call'
actionpack (6.0.1) lib/action_dispatch/middleware/actionable_exceptions.rb:17:in `call'
actionpack (6.0.1) lib/action_dispatch/middleware/debug_exceptions.rb:32:in `call'
web-console (4.0.1) lib/web_console/middleware.rb:132:in `call_app'
web-console (4.0.1) lib/web_console/middleware.rb:28:in `block in call'
web-console (4.0.1) lib/web_console/middleware.rb:17:in `catch'
web-console (4.0.1) lib/web_console/middleware.rb:17:in `call'
actionpack (6.0.1) lib/action_dispatch/middleware/show_exceptions.rb:33:in `call'
railties (6.0.1) lib/rails/rack/logger.rb:38:in `call_app'
railties (6.0.1) lib/rails/rack/logger.rb:26:in `block in call'
activesupport (6.0.1) lib/active_support/tagged_logging.rb:80:in `block in tagged'
activesupport (6.0.1) lib/active_support/tagged_logging.rb:28:in `tagged'
activesupport (6.0.1) lib/active_support/tagged_logging.rb:80:in `tagged'
railties (6.0.1) lib/rails/rack/logger.rb:26:in `call'
sprockets-rails (3.2.1) lib/sprockets/rails/quiet_assets.rb:13:in `call'
actionpack (6.0.1) lib/action_dispatch/middleware/remote_ip.rb:81:in `call'
actionpack (6.0.1) lib/action_dispatch/middleware/request_id.rb:27:in `call'
rack (2.0.7) lib/rack/method_override.rb:22:in `call'
rack (2.0.7) lib/rack/runtime.rb:22:in `call'
activesupport (6.0.1) lib/active_support/cache/strategy/local_cache_middleware.rb:29:in `call'
actionpack (6.0.1) lib/action_dispatch/middleware/executor.rb:14:in `call'
actionpack (6.0.1) lib/action_dispatch/middleware/static.rb:126:in `call'
rack (2.0.7) lib/rack/sendfile.rb:111:in `call'
actionpack (6.0.1) lib/action_dispatch/middleware/host_authorization.rb:83:in `call'
webpacker (4.2.0) lib/webpacker/dev_server_proxy.rb:23:in `perform_request'
rack-proxy (0.6.5) lib/rack/proxy.rb:57:in `call'
railties (6.0.1) lib/rails/engine.rb:526:in `call'
puma (4.3.0) lib/puma/configuration.rb:228:in `call'
puma (4.3.0) lib/puma/server.rb:667:in `handle_request'
puma (4.3.0) lib/puma/server.rb:470:in `process_client'
puma (4.3.0) lib/puma/server.rb:328:in `block in run'
puma (4.3.0) lib/puma/thread_pool.rb:134:in `block in spawn_thread'
Started GET "/cows/new" for ::1 at 2019-11-20 15:06:24 -0500
  
AbstractController::ActionNotFound (The action 'new' could not be found for CowsController):
  
actionpack (6.0.1) lib/abstract_controller/base.rb:131:in `process'
actionview (6.0.1) lib/action_view/rendering.rb:39:in `process'
actionpack (6.0.1) lib/action_controller/metal.rb:191:in `dispatch'
actionpack (6.0.1) lib/action_controller/metal.rb:252:in `dispatch'
actionpack (6.0.1) lib/action_dispatch/routing/route_set.rb:51:in `dispatch'
actionpack (6.0.1) lib/action_dispatch/routing/route_set.rb:33:in `serve'
actionpack (6.0.1) lib/action_dispatch/journey/router.rb:49:in `block in serve'
actionpack (6.0.1) lib/action_dispatch/journey/router.rb:32:in `each'
actionpack (6.0.1) lib/action_dispatch/journey/router.rb:32:in `serve'
actionpack (6.0.1) lib/action_dispatch/routing/route_set.rb:837:in `call'
rack (2.0.7) lib/rack/tempfile_reaper.rb:15:in `call'
rack (2.0.7) lib/rack/etag.rb:25:in `call'
rack (2.0.7) lib/rack/conditional_get.rb:25:in `call'
rack (2.0.7) lib/rack/head.rb:12:in `call'
actionpack (6.0.1) lib/action_dispatch/http/content_security_policy.rb:18:in `call'
rack (2.0.7) lib/rack/session/abstract/id.rb:232:in `context'
rack (2.0.7) lib/rack/session/abstract/id.rb:226:in `call'
actionpack (6.0.1) lib/action_dispatch/middleware/cookies.rb:648:in `call'
activerecord (6.0.1) lib/active_record/migration.rb:567:in `call'
actionpack (6.0.1) lib/action_dispatch/middleware/callbacks.rb:27:in `block in call'
activesupport (6.0.1) lib/active_support/callbacks.rb:101:in `run_callbacks'
actionpack (6.0.1) lib/action_dispatch/middleware/callbacks.rb:26:in `call'
actionpack (6.0.1) lib/action_dispatch/middleware/executor.rb:14:in `call'
actionpack (6.0.1) lib/action_dispatch/middleware/actionable_exceptions.rb:17:in `call'
actionpack (6.0.1) lib/action_dispatch/middleware/debug_exceptions.rb:32:in `call'
web-console (4.0.1) lib/web_console/middleware.rb:132:in `call_app'
web-console (4.0.1) lib/web_console/middleware.rb:28:in `block in call'
web-console (4.0.1) lib/web_console/middleware.rb:17:in `catch'
web-console (4.0.1) lib/web_console/middleware.rb:17:in `call'
actionpack (6.0.1) lib/action_dispatch/middleware/show_exceptions.rb:33:in `call'
railties (6.0.1) lib/rails/rack/logger.rb:38:in `call_app'
railties (6.0.1) lib/rails/rack/logger.rb:26:in `block in call'
activesupport (6.0.1) lib/active_support/tagged_logging.rb:80:in `block in tagged'
activesupport (6.0.1) lib/active_support/tagged_logging.rb:28:in `tagged'
activesupport (6.0.1) lib/active_support/tagged_logging.rb:80:in `tagged'
railties (6.0.1) lib/rails/rack/logger.rb:26:in `call'
sprockets-rails (3.2.1) lib/sprockets/rails/quiet_assets.rb:13:in `call'
actionpack (6.0.1) lib/action_dispatch/middleware/remote_ip.rb:81:in `call'
actionpack (6.0.1) lib/action_dispatch/middleware/request_id.rb:27:in `call'
rack (2.0.7) lib/rack/method_override.rb:22:in `call'
rack (2.0.7) lib/rack/runtime.rb:22:in `call'
activesupport (6.0.1) lib/active_support/cache/strategy/local_cache_middleware.rb:29:in `call'
actionpack (6.0.1) lib/action_dispatch/middleware/executor.rb:14:in `call'
actionpack (6.0.1) lib/action_dispatch/middleware/static.rb:126:in `call'
rack (2.0.7) lib/rack/sendfile.rb:111:in `call'
actionpack (6.0.1) lib/action_dispatch/middleware/host_authorization.rb:83:in `call'
webpacker (4.2.0) lib/webpacker/dev_server_proxy.rb:23:in `perform_request'
rack-proxy (0.6.5) lib/rack/proxy.rb:57:in `call'
railties (6.0.1) lib/rails/engine.rb:526:in `call'
puma (4.3.0) lib/puma/configuration.rb:228:in `call'
puma (4.3.0) lib/puma/server.rb:667:in `handle_request'
puma (4.3.0) lib/puma/server.rb:470:in `process_client'
puma (4.3.0) lib/puma/server.rb:328:in `block in run'
puma (4.3.0) lib/puma/thread_pool.rb:134:in `block in spawn_thread'
Started GET "/cows/new" for ::1 at 2019-11-20 15:06:26 -0500
  [1m[35m (0.1ms)[0m  [1m[34mSELECT sqlite_version(*)[0m
Processing by CowsController#new as HTML
Completed 406 Not Acceptable in 3ms (ActiveRecord: 0.0ms | Allocations: 1949)


  
ActionController::MissingExactTemplate (CowsController#new is missing a template for request formats: text/html):
  
actionpack (6.0.1) lib/action_controller/metal/implicit_render.rb:45:in `default_render'
actionpack (6.0.1) lib/action_controller/metal/basic_implicit_render.rb:6:in `block in send_action'
actionpack (6.0.1) lib/action_controller/metal/basic_implicit_render.rb:6:in `tap'
actionpack (6.0.1) lib/action_controller/metal/basic_implicit_render.rb:6:in `send_action'
actionpack (6.0.1) lib/abstract_controller/base.rb:196:in `process_action'
actionpack (6.0.1) lib/action_controller/metal/rendering.rb:30:in `process_action'
actionpack (6.0.1) lib/abstract_controller/callbacks.rb:42:in `block in process_action'
activesupport (6.0.1) lib/active_support/callbacks.rb:135:in `run_callbacks'
actionpack (6.0.1) lib/abstract_controller/callbacks.rb:41:in `process_action'
actionpack (6.0.1) lib/action_controller/metal/rescue.rb:22:in `process_action'
actionpack (6.0.1) lib/action_controller/metal/instrumentation.rb:33:in `block in process_action'
activesupport (6.0.1) lib/active_support/notifications.rb:180:in `block in instrument'
activesupport (6.0.1) lib/active_support/notifications/instrumenter.rb:24:in `instrument'
activesupport (6.0.1) lib/active_support/notifications.rb:180:in `instrument'
actionpack (6.0.1) lib/action_controller/metal/instrumentation.rb:32:in `process_action'
actionpack (6.0.1) lib/action_controller/metal/params_wrapper.rb:245:in `process_action'
activerecord (6.0.1) lib/active_record/railties/controller_runtime.rb:27:in `process_action'
actionpack (6.0.1) lib/abstract_controller/base.rb:136:in `process'
actionview (6.0.1) lib/action_view/rendering.rb:39:in `process'
actionpack (6.0.1) lib/action_controller/metal.rb:191:in `dispatch'
actionpack (6.0.1) lib/action_controller/metal.rb:252:in `dispatch'
actionpack (6.0.1) lib/action_dispatch/routing/route_set.rb:51:in `dispatch'
actionpack (6.0.1) lib/action_dispatch/routing/route_set.rb:33:in `serve'
actionpack (6.0.1) lib/action_dispatch/journey/router.rb:49:in `block in serve'
actionpack (6.0.1) lib/action_dispatch/journey/router.rb:32:in `each'
actionpack (6.0.1) lib/action_dispatch/journey/router.rb:32:in `serve'
actionpack (6.0.1) lib/action_dispatch/routing/route_set.rb:837:in `call'
rack (2.0.7) lib/rack/tempfile_reaper.rb:15:in `call'
rack (2.0.7) lib/rack/etag.rb:25:in `call'
rack (2.0.7) lib/rack/conditional_get.rb:25:in `call'
rack (2.0.7) lib/rack/head.rb:12:in `call'
actionpack (6.0.1) lib/action_dispatch/http/content_security_policy.rb:18:in `call'
rack (2.0.7) lib/rack/session/abstract/id.rb:232:in `context'
rack (2.0.7) lib/rack/session/abstract/id.rb:226:in `call'
actionpack (6.0.1) lib/action_dispatch/middleware/cookies.rb:648:in `call'
activerecord (6.0.1) lib/active_record/migration.rb:567:in `call'
actionpack (6.0.1) lib/action_dispatch/middleware/callbacks.rb:27:in `block in call'
activesupport (6.0.1) lib/active_support/callbacks.rb:101:in `run_callbacks'
actionpack (6.0.1) lib/action_dispatch/middleware/callbacks.rb:26:in `call'
actionpack (6.0.1) lib/action_dispatch/middleware/executor.rb:14:in `call'
actionpack (6.0.1) lib/action_dispatch/middleware/actionable_exceptions.rb:17:in `call'
actionpack (6.0.1) lib/action_dispatch/middleware/debug_exceptions.rb:32:in `call'
web-console (4.0.1) lib/web_console/middleware.rb:132:in `call_app'
web-console (4.0.1) lib/web_console/middleware.rb:28:in `block in call'
web-console (4.0.1) lib/web_console/middleware.rb:17:in `catch'
web-console (4.0.1) lib/web_console/middleware.rb:17:in `call'
actionpack (6.0.1) lib/action_dispatch/middleware/show_exceptions.rb:33:in `call'
railties (6.0.1) lib/rails/rack/logger.rb:38:in `call_app'
railties (6.0.1) lib/rails/rack/logger.rb:26:in `block in call'
activesupport (6.0.1) lib/active_support/tagged_logging.rb:80:in `block in tagged'
activesupport (6.0.1) lib/active_support/tagged_logging.rb:28:in `tagged'
activesupport (6.0.1) lib/active_support/tagged_logging.rb:80:in `tagged'
railties (6.0.1) lib/rails/rack/logger.rb:26:in `call'
sprockets-rails (3.2.1) lib/sprockets/rails/quiet_assets.rb:13:in `call'
actionpack (6.0.1) lib/action_dispatch/middleware/remote_ip.rb:81:in `call'
actionpack (6.0.1) lib/action_dispatch/middleware/request_id.rb:27:in `call'
rack (2.0.7) lib/rack/method_override.rb:22:in `call'
rack (2.0.7) lib/rack/runtime.rb:22:in `call'
activesupport (6.0.1) lib/active_support/cache/strategy/local_cache_middleware.rb:29:in `call'
actionpack (6.0.1) lib/action_dispatch/middleware/executor.rb:14:in `call'
actionpack (6.0.1) lib/action_dispatch/middleware/static.rb:126:in `call'
rack (2.0.7) lib/rack/sendfile.rb:111:in `call'
actionpack (6.0.1) lib/action_dispatch/middleware/host_authorization.rb:83:in `call'
webpacker (4.2.0) lib/webpacker/dev_server_proxy.rb:23:in `perform_request'
rack-proxy (0.6.5) lib/rack/proxy.rb:57:in `call'
railties (6.0.1) lib/rails/engine.rb:526:in `call'
puma (4.3.0) lib/puma/configuration.rb:228:in `call'
puma (4.3.0) lib/puma/server.rb:667:in `handle_request'
puma (4.3.0) lib/puma/server.rb:470:in `process_client'
puma (4.3.0) lib/puma/server.rb:328:in `block in run'
puma (4.3.0) lib/puma/thread_pool.rb:134:in `block in spawn_thread'
Started GET "/cows/new" for ::1 at 2019-11-20 15:06:44 -0500
Processing by CowsController#new as HTML
  Rendering cows/new.html.erb within layouts/application
  Rendered cows/new.html.erb within layouts/application (Duration: 0.4ms | Allocations: 73)
[Webpacker] Everything's up-to-date. Nothing to do
Completed 200 OK in 12ms (Views: 10.1ms | ActiveRecord: 0.0ms | Allocations: 4803)


Started GET "/cows/new" for ::1 at 2019-11-20 15:07:02 -0500
Processing by CowsController#new as HTML
  Rendering cows/new.html.erb within layouts/application
  Rendered cows/new.html.erb within layouts/application (Duration: 0.4ms | Allocations: 82)
[Webpacker] Everything's up-to-date. Nothing to do
Completed 200 OK in 11ms (Views: 9.2ms | ActiveRecord: 0.0ms | Allocations: 4810)


Started GET "/cows/new" for ::1 at 2019-11-20 15:12:42 -0500
  [1m[35m (0.0ms)[0m  [1m[34mSELECT sqlite_version(*)[0m
Processing by CowsController#new as HTML
  Rendering cows/new.html.erb within layouts/application
  Rendered cows/new.html.erb within layouts/application (Duration: 1.2ms | Allocations: 392)
[Webpacker] Everything's up-to-date. Nothing to do
Completed 200 OK in 12ms (Views: 7.6ms | ActiveRecord: 0.4ms | Allocations: 9278)


Started GET "/cows/new" for ::1 at 2019-11-20 15:15:10 -0500
  [1m[35m (0.0ms)[0m  [1m[34mSELECT sqlite_version(*)[0m
Processing by CowsController#new as HTML
  Rendering cows/new.html.erb within layouts/application
  Rendered cows/new.html.erb within layouts/application (Duration: 0.4ms | Allocations: 827)
Completed 500 Internal Server Error in 1ms (ActiveRecord: 0.0ms | Allocations: 1429)


  
ActionView::Template::Error (First argument in form cannot contain nil or be empty):
    1: <h1>Create ya Cow 👠</h1>
    2: 
    3: 
    4: <%= form_for @cow do |f| %>
    5: 
    6: <% end %>
  
app/views/cows/new.html.erb:4
Started GET "/cows/new" for ::1 at 2019-11-20 15:15:25 -0500
  [1m[35m (0.1ms)[0m  [1m[34mSELECT sqlite_version(*)[0m
Processing by CowsController#new as HTML
  Rendering cows/new.html.erb within layouts/application
  Rendered cows/new.html.erb within layouts/application (Duration: 0.2ms | Allocations: 827)
Completed 500 Internal Server Error in 1ms (ActiveRecord: 0.0ms | Allocations: 1431)


  
ActionView::Template::Error (First argument in form cannot contain nil or be empty):
    1: <h1>Create ya Cow 👠</h1>
    2: 
    3: 
    4: <%= form_for @cow do |f| %>
    5: 
    6: <% end %>
  
app/views/cows/new.html.erb:4
Started GET "/cows/new" for ::1 at 2019-11-20 15:15:33 -0500
Processing by CowsController#new as HTML
  Rendering cows/new.html.erb within layouts/application
  Rendered cows/new.html.erb within layouts/application (Duration: 0.5ms | Allocations: 866)
Completed 500 Internal Server Error in 2ms (ActiveRecord: 0.0ms | Allocations: 1313)


  
ActionView::Template::Error (First argument in form cannot contain nil or be empty):
    1: <h1>Create ya Cow 👠</h1>
    2: 
    3: 
    4: <%= form_for @cow do |f| %>
    5: 
    6: <% end %>
  
app/views/cows/new.html.erb:4
Started GET "/cows/new" for ::1 at 2019-11-20 15:15:36 -0500
  [1m[35m (0.0ms)[0m  [1m[34mSELECT sqlite_version(*)[0m
Processing by CowsController#new as HTML
  Rendering cows/new.html.erb within layouts/application
  Rendered cows/new.html.erb within layouts/application (Duration: 0.5ms | Allocations: 486)
[Webpacker] Everything's up-to-date. Nothing to do
Completed 200 OK in 7ms (Views: 6.2ms | ActiveRecord: 0.0ms | Allocations: 4410)


Started GET "/cows/new" for ::1 at 2019-11-20 15:16:46 -0500
  [1m[35m (0.0ms)[0m  [1m[34mSELECT sqlite_version(*)[0m
Processing by CowsController#new as HTML
  Rendering cows/new.html.erb within layouts/application
  Rendered cows/new.html.erb within layouts/application (Duration: 0.5ms | Allocations: 232)
[Webpacker] Everything's up-to-date. Nothing to do
Completed 200 OK in 11ms (Views: 5.5ms | ActiveRecord: 0.6ms | Allocations: 8296)


Started GET "/cows/new" for ::1 at 2019-11-20 15:18:52 -0500
Processing by CowsController#new as HTML
  Rendering cows/new.html.erb within layouts/application
  Rendered cows/new.html.erb within layouts/application (Duration: 16.2ms | Allocations: 5238)
[Webpacker] Everything's up-to-date. Nothing to do
Completed 200 OK in 25ms (Views: 23.9ms | ActiveRecord: 0.0ms | Allocations: 9898)


Started GET "/cows/new" for ::1 at 2019-11-20 15:19:09 -0500
Processing by CowsController#new as HTML
  Rendering cows/new.html.erb within layouts/application
  Rendered cows/new.html.erb within layouts/application (Duration: 2.8ms | Allocations: 1197)
[Webpacker] Everything's up-to-date. Nothing to do
Completed 200 OK in 14ms (Views: 11.9ms | ActiveRecord: 0.0ms | Allocations: 5936)


Started GET "/cows/new" for ::1 at 2019-11-20 15:19:57 -0500
Processing by CowsController#new as HTML
  Rendering cows/new.html.erb within layouts/application
  Rendered cows/new.html.erb within layouts/application (Duration: 2.4ms | Allocations: 1036)
[Webpacker] Everything's up-to-date. Nothing to do
Completed 200 OK in 13ms (Views: 11.5ms | ActiveRecord: 0.0ms | Allocations: 5785)


Started GET "/cows/new" for ::1 at 2019-11-20 15:22:26 -0500
Processing by CowsController#new as HTML
  Rendering cows/new.html.erb within layouts/application
  Rendered cows/new.html.erb within layouts/application (Duration: 8.2ms | Allocations: 3182)
Completed 500 Internal Server Error in 12ms (ActiveRecord: 0.0ms | Allocations: 4390)


  
ActionView::Template::Error (undefined method `other_thing' for #<Cow:0x00007fb1c1cf1a28>):
     6:   <%= f.text_field :name %>
     7:   <br>
     8:   <%= f.label :other_thing %>
     9:   <%= f.text_field :other_thing %>
    10:   <br>
    11:   <%= f.label :number_of_spots, "Spots" %>
    12:   <%= f.number_field :number_of_spots %>
  
app/views/cows/new.html.erb:9
app/views/cows/new.html.erb:4
Started GET "/cows/new" for ::1 at 2019-11-20 15:23:45 -0500
Processing by CowsController#new as HTML
  Rendering cows/new.html.erb within layouts/application
  Rendered cows/new.html.erb within layouts/application (Duration: 1.7ms | Allocations: 1038)
[Webpacker] Everything's up-to-date. Nothing to do
Completed 200 OK in 12ms (Views: 10.2ms | ActiveRecord: 0.0ms | Allocations: 5791)


Started POST "/cows" for ::1 at 2019-11-20 15:23:55 -0500
  
ActionController::RoutingError (No route matches [POST] "/cows"):
  
actionpack (6.0.1) lib/action_dispatch/middleware/debug_exceptions.rb:36:in `call'
web-console (4.0.1) lib/web_console/middleware.rb:132:in `call_app'
web-console (4.0.1) lib/web_console/middleware.rb:28:in `block in call'
web-console (4.0.1) lib/web_console/middleware.rb:17:in `catch'
web-console (4.0.1) lib/web_console/middleware.rb:17:in `call'
actionpack (6.0.1) lib/action_dispatch/middleware/show_exceptions.rb:33:in `call'
railties (6.0.1) lib/rails/rack/logger.rb:38:in `call_app'
railties (6.0.1) lib/rails/rack/logger.rb:26:in `block in call'
activesupport (6.0.1) lib/active_support/tagged_logging.rb:80:in `block in tagged'
activesupport (6.0.1) lib/active_support/tagged_logging.rb:28:in `tagged'
activesupport (6.0.1) lib/active_support/tagged_logging.rb:80:in `tagged'
railties (6.0.1) lib/rails/rack/logger.rb:26:in `call'
sprockets-rails (3.2.1) lib/sprockets/rails/quiet_assets.rb:13:in `call'
actionpack (6.0.1) lib/action_dispatch/middleware/remote_ip.rb:81:in `call'
actionpack (6.0.1) lib/action_dispatch/middleware/request_id.rb:27:in `call'
rack (2.0.7) lib/rack/method_override.rb:22:in `call'
rack (2.0.7) lib/rack/runtime.rb:22:in `call'
activesupport (6.0.1) lib/active_support/cache/strategy/local_cache_middleware.rb:29:in `call'
actionpack (6.0.1) lib/action_dispatch/middleware/executor.rb:14:in `call'
actionpack (6.0.1) lib/action_dispatch/middleware/static.rb:126:in `call'
rack (2.0.7) lib/rack/sendfile.rb:111:in `call'
actionpack (6.0.1) lib/action_dispatch/middleware/host_authorization.rb:83:in `call'
webpacker (4.2.0) lib/webpacker/dev_server_proxy.rb:23:in `perform_request'
rack-proxy (0.6.5) lib/rack/proxy.rb:57:in `call'
railties (6.0.1) lib/rails/engine.rb:526:in `call'
puma (4.3.0) lib/puma/configuration.rb:228:in `call'
puma (4.3.0) lib/puma/server.rb:667:in `handle_request'
puma (4.3.0) lib/puma/server.rb:470:in `process_client'
puma (4.3.0) lib/puma/server.rb:328:in `block in run'
puma (4.3.0) lib/puma/thread_pool.rb:134:in `block in spawn_thread'
Started POST "/cows" for ::1 at 2019-11-20 15:25:24 -0500
  [1m[35m (0.1ms)[0m  [1m[34mSELECT sqlite_version(*)[0m
  
AbstractController::ActionNotFound (The action 'create' could not be found for CowsController):
  
actionpack (6.0.1) lib/abstract_controller/base.rb:131:in `process'
actionview (6.0.1) lib/action_view/rendering.rb:39:in `process'
actionpack (6.0.1) lib/action_controller/metal.rb:191:in `dispatch'
actionpack (6.0.1) lib/action_controller/metal.rb:252:in `dispatch'
actionpack (6.0.1) lib/action_dispatch/routing/route_set.rb:51:in `dispatch'
actionpack (6.0.1) lib/action_dispatch/routing/route_set.rb:33:in `serve'
actionpack (6.0.1) lib/action_dispatch/journey/router.rb:49:in `block in serve'
actionpack (6.0.1) lib/action_dispatch/journey/router.rb:32:in `each'
actionpack (6.0.1) lib/action_dispatch/journey/router.rb:32:in `serve'
actionpack (6.0.1) lib/action_dispatch/routing/route_set.rb:837:in `call'
rack (2.0.7) lib/rack/tempfile_reaper.rb:15:in `call'
rack (2.0.7) lib/rack/etag.rb:25:in `call'
rack (2.0.7) lib/rack/conditional_get.rb:38:in `call'
rack (2.0.7) lib/rack/head.rb:12:in `call'
actionpack (6.0.1) lib/action_dispatch/http/content_security_policy.rb:18:in `call'
rack (2.0.7) lib/rack/session/abstract/id.rb:232:in `context'
rack (2.0.7) lib/rack/session/abstract/id.rb:226:in `call'
actionpack (6.0.1) lib/action_dispatch/middleware/cookies.rb:648:in `call'
activerecord (6.0.1) lib/active_record/migration.rb:567:in `call'
actionpack (6.0.1) lib/action_dispatch/middleware/callbacks.rb:27:in `block in call'
activesupport (6.0.1) lib/active_support/callbacks.rb:101:in `run_callbacks'
actionpack (6.0.1) lib/action_dispatch/middleware/callbacks.rb:26:in `call'
actionpack (6.0.1) lib/action_dispatch/middleware/executor.rb:14:in `call'
actionpack (6.0.1) lib/action_dispatch/middleware/actionable_exceptions.rb:17:in `call'
actionpack (6.0.1) lib/action_dispatch/middleware/debug_exceptions.rb:32:in `call'
web-console (4.0.1) lib/web_console/middleware.rb:132:in `call_app'
web-console (4.0.1) lib/web_console/middleware.rb:28:in `block in call'
web-console (4.0.1) lib/web_console/middleware.rb:17:in `catch'
web-console (4.0.1) lib/web_console/middleware.rb:17:in `call'
actionpack (6.0.1) lib/action_dispatch/middleware/show_exceptions.rb:33:in `call'
railties (6.0.1) lib/rails/rack/logger.rb:38:in `call_app'
railties (6.0.1) lib/rails/rack/logger.rb:26:in `block in call'
activesupport (6.0.1) lib/active_support/tagged_logging.rb:80:in `block in tagged'
activesupport (6.0.1) lib/active_support/tagged_logging.rb:28:in `tagged'
activesupport (6.0.1) lib/active_support/tagged_logging.rb:80:in `tagged'
railties (6.0.1) lib/rails/rack/logger.rb:26:in `call'
sprockets-rails (3.2.1) lib/sprockets/rails/quiet_assets.rb:13:in `call'
actionpack (6.0.1) lib/action_dispatch/middleware/remote_ip.rb:81:in `call'
actionpack (6.0.1) lib/action_dispatch/middleware/request_id.rb:27:in `call'
rack (2.0.7) lib/rack/method_override.rb:22:in `call'
rack (2.0.7) lib/rack/runtime.rb:22:in `call'
activesupport (6.0.1) lib/active_support/cache/strategy/local_cache_middleware.rb:29:in `call'
actionpack (6.0.1) lib/action_dispatch/middleware/executor.rb:14:in `call'
actionpack (6.0.1) lib/action_dispatch/middleware/static.rb:126:in `call'
rack (2.0.7) lib/rack/sendfile.rb:111:in `call'
actionpack (6.0.1) lib/action_dispatch/middleware/host_authorization.rb:83:in `call'
webpacker (4.2.0) lib/webpacker/dev_server_proxy.rb:23:in `perform_request'
rack-proxy (0.6.5) lib/rack/proxy.rb:57:in `call'
railties (6.0.1) lib/rails/engine.rb:526:in `call'
puma (4.3.0) lib/puma/configuration.rb:228:in `call'
puma (4.3.0) lib/puma/server.rb:667:in `handle_request'
puma (4.3.0) lib/puma/server.rb:470:in `process_client'
puma (4.3.0) lib/puma/server.rb:328:in `block in run'
puma (4.3.0) lib/puma/thread_pool.rb:134:in `block in spawn_thread'
Started POST "/cows" for ::1 at 2019-11-20 15:25:38 -0500
  [1m[35m (0.0ms)[0m  [1m[34mSELECT sqlite_version(*)[0m
Processing by CowsController#create as HTML
  Parameters: {"authenticity_token"=>"di2dA9+mN6MBuxjj6K3KhPketCbctHqKMlkPv44kDIMruR0BHFzemfHuerEDhBow5xkTN7CL7ees7+B7N3zu+g==", "cow"=>{"name"=>"Jack", "number_of_spots"=>"88", "age"=>"9"}, "commit"=>"Create Cow"}
No template found for CowsController#create, rendering head :no_content
Completed 204 No Content in 3ms (ActiveRecord: 0.0ms | Allocations: 1692)


Started POST "/cows" for ::1 at 2019-11-20 15:25:59 -0500
  [1m[35m (0.1ms)[0m  [1m[34mSELECT sqlite_version(*)[0m
Processing by CowsController#create as HTML
  Parameters: {"authenticity_token"=>"di2dA9+mN6MBuxjj6K3KhPketCbctHqKMlkPv44kDIMruR0BHFzemfHuerEDhBow5xkTN7CL7ees7+B7N3zu+g==", "cow"=>{"name"=>"Jack", "number_of_spots"=>"88", "age"=>"9"}, "commit"=>"Create Cow"}
[31mUnpermitted parameter: :age[0m
No template found for CowsController#create, rendering head :no_content
Completed 204 No Content in 345042ms (ActiveRecord: 0.6ms | Allocations: 64468)


Started POST "/cows" for ::1 at 2019-11-20 15:36:46 -0500
  [1m[35m (0.1ms)[0m  [1m[34mSELECT sqlite_version(*)[0m
Processing by CowsController#create as HTML
  Parameters: {"authenticity_token"=>"di2dA9+mN6MBuxjj6K3KhPketCbctHqKMlkPv44kDIMruR0BHFzemfHuerEDhBow5xkTN7CL7ees7+B7N3zu+g==", "cow"=>{"name"=>"Jack", "number_of_spots"=>"88", "age"=>"9"}, "commit"=>"Create Cow"}
Started PUT "/__web_console/repl_sessions/c5d7bb28025c8bd353c84ac104d0ead4" for ::1 at 2019-11-20 15:37:40 -0500
  [1m[35m (0.1ms)[0m  [1m[36mbegin transaction[0m
  ↳ app/controllers/cows_controller.rb:12:in `create'
  [1m[36mCow Create (0.4ms)[0m  [1m[32mINSERT INTO "cows" ("name", "number_of_spots", "age", "created_at", "updated_at") VALUES (?, ?, ?, ?, ?)[0m  [["name", "Jack"], ["number_of_spots", 88], ["age", 9], ["created_at", "2019-11-20 20:37:40.739986"], ["updated_at", "2019-11-20 20:37:40.739986"]]
  ↳ app/controllers/cows_controller.rb:12:in `create'
  [1m[35m (0.7ms)[0m  [1m[36mcommit transaction[0m
  ↳ app/controllers/cows_controller.rb:12:in `create'
Redirected to http://localhost:3000/cow
Completed 302 Found in 54563ms (ActiveRecord: 1.2ms | Allocations: 115066)


Started GET "/cow" for ::1 at 2019-11-20 15:37:40 -0500
  [1m[35m (0.1ms)[0m  [1m[34mSELECT sqlite_version(*)[0m
  
ActionController::RoutingError (No route matches [GET] "/cow"):
  
actionpack (6.0.1) lib/action_dispatch/middleware/debug_exceptions.rb:36:in `call'
web-console (4.0.1) lib/web_console/middleware.rb:132:in `call_app'
web-console (4.0.1) lib/web_console/middleware.rb:28:in `block in call'
web-console (4.0.1) lib/web_console/middleware.rb:17:in `catch'
web-console (4.0.1) lib/web_console/middleware.rb:17:in `call'
actionpack (6.0.1) lib/action_dispatch/middleware/show_exceptions.rb:33:in `call'
railties (6.0.1) lib/rails/rack/logger.rb:38:in `call_app'
railties (6.0.1) lib/rails/rack/logger.rb:26:in `block in call'
activesupport (6.0.1) lib/active_support/tagged_logging.rb:80:in `block in tagged'
activesupport (6.0.1) lib/active_support/tagged_logging.rb:28:in `tagged'
activesupport (6.0.1) lib/active_support/tagged_logging.rb:80:in `tagged'
railties (6.0.1) lib/rails/rack/logger.rb:26:in `call'
sprockets-rails (3.2.1) lib/sprockets/rails/quiet_assets.rb:13:in `call'
actionpack (6.0.1) lib/action_dispatch/middleware/remote_ip.rb:81:in `call'
actionpack (6.0.1) lib/action_dispatch/middleware/request_id.rb:27:in `call'
rack (2.0.7) lib/rack/method_override.rb:22:in `call'
rack (2.0.7) lib/rack/runtime.rb:22:in `call'
activesupport (6.0.1) lib/active_support/cache/strategy/local_cache_middleware.rb:29:in `call'
actionpack (6.0.1) lib/action_dispatch/middleware/executor.rb:14:in `call'
actionpack (6.0.1) lib/action_dispatch/middleware/static.rb:126:in `call'
rack (2.0.7) lib/rack/sendfile.rb:111:in `call'
actionpack (6.0.1) lib/action_dispatch/middleware/host_authorization.rb:83:in `call'
webpacker (4.2.0) lib/webpacker/dev_server_proxy.rb:23:in `perform_request'
rack-proxy (0.6.5) lib/rack/proxy.rb:57:in `call'
railties (6.0.1) lib/rails/engine.rb:526:in `call'
puma (4.3.0) lib/puma/configuration.rb:228:in `call'
puma (4.3.0) lib/puma/server.rb:667:in `handle_request'
puma (4.3.0) lib/puma/server.rb:470:in `process_client'
puma (4.3.0) lib/puma/server.rb:328:in `block in run'
puma (4.3.0) lib/puma/thread_pool.rb:134:in `block in spawn_thread'
Started PUT "/__web_console/repl_sessions/e8b4e32baa334b25e61f08adb9af3019" for ::1 at 2019-11-20 15:37:46 -0500
Started PUT "/__web_console/repl_sessions/e8b4e32baa334b25e61f08adb9af3019" for ::1 at 2019-11-20 15:37:47 -0500
Started GET "/cow" for ::1 at 2019-11-20 15:37:49 -0500
  
ActionController::RoutingError (No route matches [GET] "/cow"):
  
actionpack (6.0.1) lib/action_dispatch/middleware/debug_exceptions.rb:36:in `call'
web-console (4.0.1) lib/web_console/middleware.rb:132:in `call_app'
web-console (4.0.1) lib/web_console/middleware.rb:28:in `block in call'
web-console (4.0.1) lib/web_console/middleware.rb:17:in `catch'
web-console (4.0.1) lib/web_console/middleware.rb:17:in `call'
actionpack (6.0.1) lib/action_dispatch/middleware/show_exceptions.rb:33:in `call'
railties (6.0.1) lib/rails/rack/logger.rb:38:in `call_app'
railties (6.0.1) lib/rails/rack/logger.rb:26:in `block in call'
activesupport (6.0.1) lib/active_support/tagged_logging.rb:80:in `block in tagged'
activesupport (6.0.1) lib/active_support/tagged_logging.rb:28:in `tagged'
activesupport (6.0.1) lib/active_support/tagged_logging.rb:80:in `tagged'
railties (6.0.1) lib/rails/rack/logger.rb:26:in `call'
sprockets-rails (3.2.1) lib/sprockets/rails/quiet_assets.rb:13:in `call'
actionpack (6.0.1) lib/action_dispatch/middleware/remote_ip.rb:81:in `call'
actionpack (6.0.1) lib/action_dispatch/middleware/request_id.rb:27:in `call'
rack (2.0.7) lib/rack/method_override.rb:22:in `call'
rack (2.0.7) lib/rack/runtime.rb:22:in `call'
activesupport (6.0.1) lib/active_support/cache/strategy/local_cache_middleware.rb:29:in `call'
actionpack (6.0.1) lib/action_dispatch/middleware/executor.rb:14:in `call'
actionpack (6.0.1) lib/action_dispatch/middleware/static.rb:126:in `call'
rack (2.0.7) lib/rack/sendfile.rb:111:in `call'
actionpack (6.0.1) lib/action_dispatch/middleware/host_authorization.rb:83:in `call'
webpacker (4.2.0) lib/webpacker/dev_server_proxy.rb:23:in `perform_request'
rack-proxy (0.6.5) lib/rack/proxy.rb:57:in `call'
railties (6.0.1) lib/rails/engine.rb:526:in `call'
puma (4.3.0) lib/puma/configuration.rb:228:in `call'
puma (4.3.0) lib/puma/server.rb:667:in `handle_request'
puma (4.3.0) lib/puma/server.rb:470:in `process_client'
puma (4.3.0) lib/puma/server.rb:328:in `block in run'
puma (4.3.0) lib/puma/thread_pool.rb:134:in `block in spawn_thread'
Started GET "/cows/new" for ::1 at 2019-11-20 15:37:54 -0500
Processing by CowsController#new as HTML
  Rendering cows/new.html.erb within layouts/application
  Rendered cows/new.html.erb within layouts/application (Duration: 1.4ms | Allocations: 863)
[Webpacker] Everything's up-to-date. Nothing to do
Completed 200 OK in 24ms (Views: 16.4ms | ActiveRecord: 0.9ms | Allocations: 8961)


Started POST "/cows" for ::1 at 2019-11-20 15:37:59 -0500
Processing by CowsController#create as HTML
  Parameters: {"authenticity_token"=>"45EnpfUCSHuRQJKciP+vzVbvwYQofYaZqEHu4qg4xD++BaenNvihQWEV8M5j1n95SOhmlURCEfQ29wEmEWAmRg==", "cow"=>{"name"=>"Johnny", "number_of_spots"=>"8", "age"=>"8"}, "commit"=>"Create Cow"}
  [1m[35m (0.2ms)[0m  [1m[36mbegin transaction[0m
  ↳ app/controllers/cows_controller.rb:12:in `create'
  [1m[36mCow Create (0.5ms)[0m  [1m[32mINSERT INTO "cows" ("name", "number_of_spots", "age", "created_at", "updated_at") VALUES (?, ?, ?, ?, ?)[0m  [["name", "Johnny"], ["number_of_spots", 8], ["age", 8], ["created_at", "2019-11-20 20:38:49.982821"], ["updated_at", "2019-11-20 20:38:49.982821"]]
  ↳ app/controllers/cows_controller.rb:12:in `create'
  [1m[35m (0.8ms)[0m  [1m[36mcommit transaction[0m
  ↳ app/controllers/cows_controller.rb:12:in `create'
Redirected to http://localhost:3000/cows
Completed 302 Found in 50380ms (ActiveRecord: 1.5ms | Allocations: 54872)


Started GET "/cows" for ::1 at 2019-11-20 15:38:49 -0500
Processing by CowsController#index as HTML
  Rendering cows/index.html.erb within layouts/application
  [1m[36mCow Load (0.2ms)[0m  [1m[34mSELECT "cows".* FROM "cows"[0m
  ↳ app/views/cows/index.html.erb:3
  Rendered cows/index.html.erb within layouts/application (Duration: 1.9ms | Allocations: 1127)
[Webpacker] Everything's up-to-date. Nothing to do
Completed 200 OK in 8ms (Views: 6.5ms | ActiveRecord: 0.2ms | Allocations: 5082)


Started GET "/cows" for ::1 at 2019-11-20 15:38:57 -0500
Processing by CowsController#index as HTML
  Rendering cows/index.html.erb within layouts/application
  [1m[36mCow Load (0.2ms)[0m  [1m[34mSELECT "cows".* FROM "cows"[0m
  ↳ app/views/cows/index.html.erb:3
  Rendered cows/index.html.erb within layouts/application (Duration: 2.2ms | Allocations: 921)
[Webpacker] Everything's up-to-date. Nothing to do
Completed 200 OK in 12ms (Views: 10.1ms | ActiveRecord: 0.2ms | Allocations: 4725)


Started GET "/cows" for ::1 at 2019-11-20 15:39:06 -0500
Processing by CowsController#index as HTML
  Rendering cows/index.html.erb within layouts/application
  [1m[36mCow Load (0.3ms)[0m  [1m[34mSELECT "cows".* FROM "cows"[0m
  ↳ app/views/cows/index.html.erb:3
  Rendered cows/index.html.erb within layouts/application (Duration: 2.6ms | Allocations: 919)
[Webpacker] Everything's up-to-date. Nothing to do
Completed 200 OK in 11ms (Views: 9.8ms | ActiveRecord: 0.3ms | Allocations: 4725)


Started GET "/cows" for ::1 at 2019-11-20 15:39:07 -0500
Processing by CowsController#index as HTML
  Rendering cows/index.html.erb within layouts/application
  [1m[36mCow Load (0.3ms)[0m  [1m[34mSELECT "cows".* FROM "cows"[0m
  ↳ app/views/cows/index.html.erb:3
  Rendered cows/index.html.erb within layouts/application (Duration: 2.9ms | Allocations: 1089)
[Webpacker] Everything's up-to-date. Nothing to do
Completed 200 OK in 12ms (Views: 10.3ms | ActiveRecord: 0.3ms | Allocations: 5826)


